{"/Users/Mirek.Rusin/tsql/src/and.ts": {"path":"/Users/Mirek.Rusin/tsql/src/and.ts","statementMap":{"0":{"start":{"line":3,"column":9},"end":{"line":3,"column":null}},"1":{"start":{"line":5,"column":0},"end":{"line":5,"column":15}},"2":{"start":{"line":1,"column":20},"end":{"line":1,"column":null}},"3":{"start":{"line":5,"column":15},"end":{"line":5,"column":18}}},"fnMap":{},"branchMap":{},"s":{"0":0,"1":28,"2":22,"3":22},"f":{},"b":{}}
,"/Users/Mirek.Rusin/tsql/src/assign-object.ts": {"path":"/Users/Mirek.Rusin/tsql/src/assign-object.ts","statementMap":{"0":{"start":{"line":15,"column":16},"end":{"line":15,"column":28}},"1":{"start":{"line":43,"column":0},"end":{"line":43,"column":15}},"2":{"start":{"line":1,"column":19},"end":{"line":1,"column":null}},"3":{"start":{"line":2,"column":15},"end":{"line":2,"column":null}},"4":{"start":{"line":3,"column":21},"end":{"line":3,"column":null}},"5":{"start":{"line":4,"column":17},"end":{"line":4,"column":null}},"6":{"start":{"line":5,"column":17},"end":{"line":5,"column":null}},"7":{"start":{"line":16,"column":41},"end":{"line":16,"column":43}},"8":{"start":{"line":17,"column":45},"end":{"line":17,"column":null}},"9":{"start":{"line":18,"column":2},"end":{"line":31,"column":null}},"10":{"start":{"line":19,"column":4},"end":{"line":29,"column":null}},"11":{"start":{"line":20,"column":35},"end":{"line":20,"column":null}},"12":{"start":{"line":21,"column":6},"end":{"line":27,"column":null}},"13":{"start":{"line":28,"column":6},"end":{"line":28,"column":null}},"14":{"start":{"line":30,"column":4},"end":{"line":30,"column":null}},"15":{"start":{"line":32,"column":2},"end":{"line":39,"column":null}},"16":{"start":{"line":33,"column":14},"end":{"line":37,"column":null}},"17":{"start":{"line":38,"column":4},"end":{"line":38,"column":null}},"18":{"start":{"line":40,"column":2},"end":{"line":40,"column":null}},"19":{"start":{"line":43,"column":15},"end":{"line":43,"column":27}}},"fnMap":{"0":{"name":"assignObject","decl":{"start":{"line":15,"column":16},"end":{"line":15,"column":28}},"loc":{"start":{"line":15,"column":60},"end":{"line":41,"column":null}}}},"branchMap":{"0":{"loc":{"start":{"line":19,"column":4},"end":{"line":29,"column":null}},"type":"if","locations":[{"start":{"line":19,"column":4},"end":{"line":29,"column":null}}]},"1":{"loc":{"start":{"line":23,"column":12},"end":{"line":23,"column":52}},"type":"binary-expr","locations":[{"start":{"line":23,"column":12},"end":{"line":23,"column":36}},{"start":{"line":23,"column":40},"end":{"line":23,"column":52}}]}},"s":{"0":0,"1":10,"2":22,"3":22,"4":22,"5":22,"6":22,"7":10,"8":10,"9":10,"10":22,"11":3,"12":3,"13":3,"14":19,"15":10,"16":1,"17":1,"18":10,"19":22},"f":{"0":10},"b":{"0":[3],"1":[3,1]}}
,"/Users/Mirek.Rusin/tsql/src/assign.ts": {"path":"/Users/Mirek.Rusin/tsql/src/assign.ts","statementMap":{"0":{"start":{"line":14,"column":16},"end":{"line":14,"column":22}},"1":{"start":{"line":28,"column":0},"end":{"line":28,"column":15}},"2":{"start":{"line":1,"column":15},"end":{"line":1,"column":null}},"3":{"start":{"line":2,"column":21},"end":{"line":2,"column":null}},"4":{"start":{"line":3,"column":14},"end":{"line":3,"column":null}},"5":{"start":{"line":4,"column":17},"end":{"line":4,"column":null}},"6":{"start":{"line":15,"column":2},"end":{"line":17,"column":null}},"7":{"start":{"line":16,"column":4},"end":{"line":16,"column":null}},"8":{"start":{"line":18,"column":2},"end":{"line":20,"column":null}},"9":{"start":{"line":19,"column":4},"end":{"line":19,"column":null}},"10":{"start":{"line":21,"column":2},"end":{"line":23,"column":null}},"11":{"start":{"line":22,"column":4},"end":{"line":22,"column":null}},"12":{"start":{"line":24,"column":31},"end":{"line":24,"column":null}},"13":{"start":{"line":25,"column":2},"end":{"line":25,"column":null}},"14":{"start":{"line":28,"column":15},"end":{"line":28,"column":21}}},"fnMap":{"0":{"name":"assign","decl":{"start":{"line":14,"column":16},"end":{"line":14,"column":22}},"loc":{"start":{"line":14,"column":60},"end":{"line":26,"column":null}}}},"branchMap":{"0":{"loc":{"start":{"line":15,"column":2},"end":{"line":17,"column":null}},"type":"if","locations":[{"start":{"line":15,"column":2},"end":{"line":17,"column":null}}]},"1":{"loc":{"start":{"line":18,"column":2},"end":{"line":20,"column":null}},"type":"if","locations":[{"start":{"line":18,"column":2},"end":{"line":20,"column":null}}]},"2":{"loc":{"start":{"line":21,"column":2},"end":{"line":23,"column":null}},"type":"if","locations":[{"start":{"line":21,"column":2},"end":{"line":23,"column":null}}]}},"s":{"0":0,"1":31,"2":22,"3":22,"4":22,"5":22,"6":31,"7":9,"8":22,"9":15,"10":7,"11":6,"12":1,"13":1,"14":22},"f":{"0":31},"b":{"0":[9],"1":[15],"2":[6]}}
,"/Users/Mirek.Rusin/tsql/src/auto.ts": {"path":"/Users/Mirek.Rusin/tsql/src/auto.ts","statementMap":{"0":{"start":{"line":33,"column":13},"end":{"line":33,"column":17}},"1":{"start":{"line":60,"column":0},"end":{"line":60,"column":15}},"2":{"start":{"line":1,"column":23},"end":{"line":1,"column":null}},"3":{"start":{"line":2,"column":17},"end":{"line":2,"column":null}},"4":{"start":{"line":3,"column":20},"end":{"line":3,"column":null}},"5":{"start":{"line":4,"column":18},"end":{"line":4,"column":null}},"6":{"start":{"line":5,"column":19},"end":{"line":5,"column":null}},"7":{"start":{"line":6,"column":16},"end":{"line":6,"column":null}},"8":{"start":{"line":7,"column":14},"end":{"line":7,"column":null}},"9":{"start":{"line":8,"column":22},"end":{"line":8,"column":null}},"10":{"start":{"line":34,"column":2},"end":{"line":58,"column":null}},"11":{"start":{"line":35,"column":4},"end":{"line":37,"column":null}},"12":{"start":{"line":36,"column":6},"end":{"line":36,"column":null}},"13":{"start":{"line":38,"column":4},"end":{"line":57,"column":null}},"14":{"start":{"line":39,"column":24},"end":{"line":39,"column":null}},"15":{"start":{"line":40,"column":21},"end":{"line":40,"column":null}},"16":{"start":{"line":41,"column":22},"end":{"line":41,"column":null}},"17":{"start":{"line":42,"column":21},"end":{"line":42,"column":null}},"18":{"start":{"line":44,"column":8},"end":{"line":46,"column":null}},"19":{"start":{"line":45,"column":10},"end":{"line":45,"column":null}},"20":{"start":{"line":47,"column":8},"end":{"line":49,"column":null}},"21":{"start":{"line":48,"column":10},"end":{"line":48,"column":null}},"22":{"start":{"line":50,"column":8},"end":{"line":52,"column":null}},"23":{"start":{"line":51,"column":10},"end":{"line":51,"column":null}},"24":{"start":{"line":53,"column":8},"end":{"line":53,"column":null}},"25":{"start":{"line":56,"column":8},"end":{"line":56,"column":null}},"26":{"start":{"line":60,"column":15},"end":{"line":60,"column":19}}},"fnMap":{"0":{"name":"(anonymous_4)","decl":{"start":{"line":34,"column":2},"end":{"line":34,"column":3}},"loc":{"start":{"line":34,"column":3},"end":{"line":58,"column":null}}}},"branchMap":{"0":{"loc":{"start":{"line":35,"column":4},"end":{"line":37,"column":null}},"type":"if","locations":[{"start":{"line":35,"column":4},"end":{"line":37,"column":null}}]},"1":{"loc":{"start":{"line":38,"column":4},"end":{"line":57,"column":null}},"type":"switch","locations":[{"start":{"line":39,"column":6},"end":{"line":39,"column":null}},{"start":{"line":40,"column":6},"end":{"line":40,"column":null}},{"start":{"line":41,"column":6},"end":{"line":41,"column":null}},{"start":{"line":42,"column":6},"end":{"line":42,"column":null}},{"start":{"line":43,"column":6},"end":{"line":54,"column":null}},{"start":{"line":55,"column":6},"end":{"line":56,"column":null}}]},"2":{"loc":{"start":{"line":41,"column":29},"end":{"line":41,"column":59}},"type":"cond-expr","locations":[{"start":{"line":41,"column":37},"end":{"line":41,"column":46}},{"start":{"line":41,"column":49},"end":{"line":41,"column":59}}]},"3":{"loc":{"start":{"line":44,"column":8},"end":{"line":46,"column":null}},"type":"if","locations":[{"start":{"line":44,"column":8},"end":{"line":46,"column":null}}]},"4":{"loc":{"start":{"line":47,"column":8},"end":{"line":49,"column":null}},"type":"if","locations":[{"start":{"line":47,"column":8},"end":{"line":49,"column":null}}]},"5":{"loc":{"start":{"line":50,"column":8},"end":{"line":52,"column":null}},"type":"if","locations":[{"start":{"line":50,"column":8},"end":{"line":52,"column":null}}]},"6":{"loc":{"start":{"line":50,"column":12},"end":{"line":50,"column":70}},"type":"binary-expr","locations":[{"start":{"line":50,"column":12},"end":{"line":50,"column":45}},{"start":{"line":50,"column":45},"end":{"line":50,"column":70}}]}},"s":{"0":0,"1":8879,"2":22,"3":22,"4":22,"5":22,"6":22,"7":22,"8":22,"9":22,"10":22,"11":13442,"12":9096,"13":4346,"14":1,"15":75,"16":9,"17":4246,"18":15,"19":7,"20":8,"21":0,"22":8,"23":0,"24":8,"25":0,"26":22},"f":{"0":13442},"b":{"0":[9096],"1":[1,75,9,4246,15,0],"2":[6,3],"3":[7],"4":[0],"5":[0],"6":[8,8]}}
,"/Users/Mirek.Rusin/tsql/src/between.ts": {"path":"/Users/Mirek.Rusin/tsql/src/between.ts","statementMap":{"0":{"start":{"line":6,"column":13},"end":{"line":6,"column":20}},"1":{"start":{"line":12,"column":0},"end":{"line":12,"column":15}},"2":{"start":{"line":1,"column":21},"end":{"line":1,"column":null}},"3":{"start":{"line":2,"column":15},"end":{"line":2,"column":null}},"4":{"start":{"line":3,"column":17},"end":{"line":3,"column":null}},"5":{"start":{"line":7,"column":2},"end":{"line":10,"column":58}},"6":{"start":{"line":8,"column":4},"end":{"line":10,"column":58}},"7":{"start":{"line":12,"column":15},"end":{"line":12,"column":22}}},"fnMap":{"0":{"name":"(anonymous_4)","decl":{"start":{"line":7,"column":2},"end":{"line":7,"column":6}},"loc":{"start":{"line":8,"column":4},"end":{"line":10,"column":58}}}},"branchMap":{"0":{"loc":{"start":{"line":8,"column":4},"end":{"line":10,"column":58}},"type":"cond-expr","locations":[{"start":{"line":9,"column":6},"end":{"line":9,"column":null}},{"start":{"line":10,"column":6},"end":{"line":10,"column":58}}]},"1":{"loc":{"start":{"line":8,"column":4},"end":{"line":8,"column":null}},"type":"binary-expr","locations":[{"start":{"line":8,"column":4},"end":{"line":8,"column":32}},{"start":{"line":8,"column":32},"end":{"line":8,"column":null}}]}},"s":{"0":0,"1":22,"2":22,"3":22,"4":22,"5":22,"6":1,"7":22},"f":{"0":1},"b":{"0":[0,1],"1":[1,1]}}
,"/Users/Mirek.Rusin/tsql/src/columns.ts": {"path":"/Users/Mirek.Rusin/tsql/src/columns.ts","statementMap":{"0":{"start":{"line":11,"column":13},"end":{"line":11,"column":20}},"1":{"start":{"line":22,"column":0},"end":{"line":22,"column":15}},"2":{"start":{"line":1,"column":15},"end":{"line":1,"column":null}},"3":{"start":{"line":2,"column":17},"end":{"line":2,"column":null}},"4":{"start":{"line":3,"column":21},"end":{"line":3,"column":null}},"5":{"start":{"line":12,"column":2},"end":{"line":20,"column":null}},"6":{"start":{"line":13,"column":35},"end":{"line":13,"column":37}},"7":{"start":{"line":14,"column":4},"end":{"line":18,"column":null}},"8":{"start":{"line":15,"column":6},"end":{"line":17,"column":null}},"9":{"start":{"line":16,"column":8},"end":{"line":16,"column":null}},"10":{"start":{"line":19,"column":4},"end":{"line":19,"column":null}},"11":{"start":{"line":19,"column":32},"end":{"line":19,"column":null}},"12":{"start":{"line":22,"column":15},"end":{"line":22,"column":22}}},"fnMap":{"0":{"name":"(anonymous_4)","decl":{"start":{"line":12,"column":2},"end":{"line":12,"column":3}},"loc":{"start":{"line":12,"column":85},"end":{"line":20,"column":null}}},"1":{"name":"(anonymous_5)","decl":{"start":{"line":19,"column":27},"end":{"line":19,"column":32}},"loc":{"start":{"line":19,"column":32},"end":{"line":19,"column":null}}}},"branchMap":{"0":{"loc":{"start":{"line":12,"column":49},"end":{"line":12,"column":85}},"type":"default-arg","locations":[{"start":{"line":12,"column":83},"end":{"line":12,"column":85}}]},"1":{"loc":{"start":{"line":15,"column":6},"end":{"line":17,"column":null}},"type":"if","locations":[{"start":{"line":15,"column":6},"end":{"line":17,"column":null}}]},"2":{"loc":{"start":{"line":16,"column":20},"end":{"line":16,"column":60}},"type":"cond-expr","locations":[{"start":{"line":16,"column":43},"end":{"line":16,"column":49}},{"start":{"line":16,"column":49},"end":{"line":16,"column":60}}]}},"s":{"0":0,"1":0,"2":22,"3":22,"4":22,"5":22,"6":0,"7":0,"8":0,"9":0,"10":0,"11":0,"12":22},"f":{"0":0,"1":0},"b":{"0":[0],"1":[0],"2":[0,0]}}
,"/Users/Mirek.Rusin/tsql/src/defined.ts": {"path":"/Users/Mirek.Rusin/tsql/src/defined.ts","statementMap":{"0":{"start":{"line":15,"column":0},"end":{"line":15,"column":15}},"1":{"start":{"line":3,"column":2},"end":{"line":13,"column":null}},"2":{"start":{"line":4,"column":20},"end":{"line":4,"column":null}},"3":{"start":{"line":5,"column":4},"end":{"line":11,"column":null}},"4":{"start":{"line":6,"column":6},"end":{"line":10,"column":null}},"5":{"start":{"line":9,"column":8},"end":{"line":9,"column":null}},"6":{"start":{"line":12,"column":4},"end":{"line":12,"column":null}},"7":{"start":{"line":15,"column":15},"end":{"line":15,"column":null}}},"fnMap":{"0":{"name":"(anonymous_1)","decl":{"start":{"line":3,"column":2},"end":{"line":3,"column":3}},"loc":{"start":{"line":3,"column":3},"end":{"line":13,"column":null}}}},"branchMap":{"0":{"loc":{"start":{"line":6,"column":6},"end":{"line":10,"column":null}},"type":"if","locations":[{"start":{"line":6,"column":6},"end":{"line":10,"column":null}}]}},"s":{"0":10,"1":22,"2":10,"3":10,"4":24,"5":1,"6":10,"7":22},"f":{"0":10},"b":{"0":[1]}}
,"/Users/Mirek.Rusin/tsql/src/delete.ts": {"path":"/Users/Mirek.Rusin/tsql/src/delete.ts","statementMap":{"0":{"start":{"line":19,"column":0},"end":{"line":19,"column":15}},"1":{"start":{"line":10,"column":13},"end":{"line":10,"column":20}},"2":{"start":{"line":1,"column":21},"end":{"line":1,"column":null}},"3":{"start":{"line":2,"column":15},"end":{"line":2,"column":null}},"4":{"start":{"line":3,"column":17},"end":{"line":3,"column":null}},"5":{"start":{"line":6,"column":17},"end":{"line":6,"column":null}},"6":{"start":{"line":7,"column":20},"end":{"line":7,"column":null}},"7":{"start":{"line":11,"column":2},"end":{"line":16,"column":null}},"8":{"start":{"line":12,"column":4},"end":{"line":16,"column":null}},"9":{"start":{"line":19,"column":15},"end":{"line":19,"column":22}}},"fnMap":{"0":{"name":"(anonymous_4)","decl":{"start":{"line":11,"column":2},"end":{"line":11,"column":3}},"loc":{"start":{"line":12,"column":4},"end":{"line":16,"column":null}}}},"branchMap":{"0":{"loc":{"start":{"line":14,"column":6},"end":{"line":16,"column":null}},"type":"cond-expr","locations":[{"start":{"line":15,"column":8},"end":{"line":15,"column":47}},{"start":{"line":16,"column":8},"end":{"line":16,"column":null}}]}},"s":{"0":13,"1":0,"2":22,"3":22,"4":22,"5":22,"6":22,"7":22,"8":13,"9":22},"f":{"0":13},"b":{"0":[13,0]}}
,"/Users/Mirek.Rusin/tsql/src/demargin.ts": {"path":"/Users/Mirek.Rusin/tsql/src/demargin.ts","statementMap":{"0":{"start":{"line":33,"column":0},"end":{"line":33,"column":15}},"1":{"start":{"line":4,"column":13},"end":{"line":4,"column":21}},"2":{"start":{"line":1,"column":21},"end":{"line":1,"column":null}},"3":{"start":{"line":5,"column":2},"end":{"line":31,"column":null}},"4":{"start":{"line":6,"column":4},"end":{"line":8,"column":null}},"5":{"start":{"line":7,"column":6},"end":{"line":7,"column":null}},"6":{"start":{"line":9,"column":18},"end":{"line":9,"column":null}},"7":{"start":{"line":10,"column":4},"end":{"line":12,"column":null}},"8":{"start":{"line":10,"column":60},"end":{"line":10,"column":72}},"9":{"start":{"line":11,"column":6},"end":{"line":11,"column":null}},"10":{"start":{"line":13,"column":4},"end":{"line":15,"column":null}},"11":{"start":{"line":13,"column":75},"end":{"line":13,"column":87}},"12":{"start":{"line":14,"column":6},"end":{"line":14,"column":null}},"13":{"start":{"line":16,"column":17},"end":{"line":16,"column":null}},"14":{"start":{"line":17,"column":4},"end":{"line":24,"column":null}},"15":{"start":{"line":18,"column":6},"end":{"line":23,"column":null}},"16":{"start":{"line":18,"column":19},"end":{"line":18,"column":22}},"17":{"start":{"line":19,"column":8},"end":{"line":22,"column":null}},"18":{"start":{"line":20,"column":10},"end":{"line":20,"column":null}},"19":{"start":{"line":21,"column":10},"end":{"line":21,"column":null}},"20":{"start":{"line":25,"column":4},"end":{"line":27,"column":null}},"21":{"start":{"line":26,"column":6},"end":{"line":26,"column":null}},"22":{"start":{"line":28,"column":4},"end":{"line":30,"column":null}},"23":{"start":{"line":29,"column":16},"end":{"line":29,"column":null}},"24":{"start":{"line":33,"column":15},"end":{"line":33,"column":23}}},"fnMap":{"0":{"name":"(anonymous_4)","decl":{"start":{"line":5,"column":2},"end":{"line":5,"column":3}},"loc":{"start":{"line":5,"column":3},"end":{"line":31,"column":null}}},"1":{"name":"(anonymous_5)","decl":{"start":{"line":10,"column":55},"end":{"line":10,"column":60}},"loc":{"start":{"line":10,"column":60},"end":{"line":10,"column":72}}},"2":{"name":"(anonymous_6)","decl":{"start":{"line":13,"column":70},"end":{"line":13,"column":75}},"loc":{"start":{"line":13,"column":75},"end":{"line":13,"column":87}}},"3":{"name":"(anonymous_7)","decl":{"start":{"line":29,"column":11},"end":{"line":29,"column":16}},"loc":{"start":{"line":29,"column":16},"end":{"line":29,"column":null}}}},"branchMap":{"0":{"loc":{"start":{"line":6,"column":4},"end":{"line":8,"column":null}},"type":"if","locations":[{"start":{"line":6,"column":4},"end":{"line":8,"column":null}}]},"1":{"loc":{"start":{"line":10,"column":4},"end":{"line":12,"column":null}},"type":"if","locations":[{"start":{"line":10,"column":4},"end":{"line":12,"column":null}}]},"2":{"loc":{"start":{"line":10,"column":8},"end":{"line":10,"column":72}},"type":"binary-expr","locations":[{"start":{"line":10,"column":8},"end":{"line":10,"column":30}},{"start":{"line":10,"column":30},"end":{"line":10,"column":72}}]},"3":{"loc":{"start":{"line":13,"column":4},"end":{"line":15,"column":null}},"type":"if","locations":[{"start":{"line":13,"column":4},"end":{"line":15,"column":null}}]},"4":{"loc":{"start":{"line":13,"column":8},"end":{"line":13,"column":87}},"type":"binary-expr","locations":[{"start":{"line":13,"column":8},"end":{"line":13,"column":30}},{"start":{"line":13,"column":30},"end":{"line":13,"column":87}}]},"5":{"loc":{"start":{"line":19,"column":8},"end":{"line":22,"column":null}},"type":"if","locations":[{"start":{"line":19,"column":8},"end":{"line":22,"column":null}}]},"6":{"loc":{"start":{"line":25,"column":4},"end":{"line":27,"column":null}},"type":"if","locations":[{"start":{"line":25,"column":4},"end":{"line":27,"column":null}}]}},"s":{"0":421,"1":0,"2":22,"3":22,"4":421,"5":0,"6":421,"7":421,"8":340,"9":81,"10":421,"11":683,"12":66,"13":421,"14":421,"15":6910,"16":6910,"17":65027,"18":6909,"19":6909,"20":421,"21":0,"22":421,"23":6910,"24":22},"f":{"0":421,"1":340,"2":683,"3":6910},"b":{"0":[0],"1":[81],"2":[421,421],"3":[66],"4":[421,421],"5":[6909],"6":[0]}}
,"/Users/Mirek.Rusin/tsql/src/distinct.ts": {"path":"/Users/Mirek.Rusin/tsql/src/distinct.ts","statementMap":{"0":{"start":{"line":22,"column":0},"end":{"line":22,"column":15}},"1":{"start":{"line":13,"column":13},"end":{"line":13,"column":21}},"2":{"start":{"line":1,"column":21},"end":{"line":1,"column":null}},"3":{"start":{"line":2,"column":15},"end":{"line":2,"column":null}},"4":{"start":{"line":3,"column":21},"end":{"line":3,"column":null}},"5":{"start":{"line":14,"column":2},"end":{"line":20,"column":null}},"6":{"start":{"line":15,"column":4},"end":{"line":17,"column":null}},"7":{"start":{"line":16,"column":6},"end":{"line":16,"column":null}},"8":{"start":{"line":18,"column":17},"end":{"line":18,"column":null}},"9":{"start":{"line":19,"column":4},"end":{"line":19,"column":null}},"10":{"start":{"line":22,"column":15},"end":{"line":22,"column":23}}},"fnMap":{"0":{"name":"(anonymous_4)","decl":{"start":{"line":14,"column":2},"end":{"line":14,"column":3}},"loc":{"start":{"line":14,"column":20},"end":{"line":20,"column":null}}}},"branchMap":{"0":{"loc":{"start":{"line":15,"column":4},"end":{"line":17,"column":null}},"type":"if","locations":[{"start":{"line":15,"column":4},"end":{"line":17,"column":null}}]},"1":{"loc":{"start":{"line":15,"column":8},"end":{"line":15,"column":66}},"type":"binary-expr","locations":[{"start":{"line":15,"column":8},"end":{"line":15,"column":38}},{"start":{"line":15,"column":38},"end":{"line":15,"column":66}}]}},"s":{"0":22,"1":0,"2":22,"3":22,"4":22,"5":22,"6":0,"7":0,"8":0,"9":0,"10":22},"f":{"0":0},"b":{"0":[0],"1":[0,0]}}
,"/Users/Mirek.Rusin/tsql/src/eq.ts": {"path":"/Users/Mirek.Rusin/tsql/src/eq.ts","statementMap":{"0":{"start":{"line":28,"column":0},"end":{"line":28,"column":15}},"1":{"start":{"line":22,"column":13},"end":{"line":22,"column":15}},"2":{"start":{"line":1,"column":21},"end":{"line":1,"column":null}},"3":{"start":{"line":2,"column":15},"end":{"line":2,"column":null}},"4":{"start":{"line":3,"column":19},"end":{"line":3,"column":null}},"5":{"start":{"line":4,"column":17},"end":{"line":4,"column":null}},"6":{"start":{"line":8,"column":2},"end":{"line":11,"column":20}},"7":{"start":{"line":9,"column":4},"end":{"line":11,"column":20}},"8":{"start":{"line":23,"column":2},"end":{"line":26,"column":46}},"9":{"start":{"line":24,"column":4},"end":{"line":26,"column":46}},"10":{"start":{"line":28,"column":15},"end":{"line":28,"column":17}}},"fnMap":{"0":{"name":"(anonymous_4)","decl":{"start":{"line":8,"column":2},"end":{"line":8,"column":3}},"loc":{"start":{"line":9,"column":4},"end":{"line":11,"column":20}}},"1":{"name":"(anonymous_5)","decl":{"start":{"line":23,"column":2},"end":{"line":23,"column":3}},"loc":{"start":{"line":24,"column":4},"end":{"line":26,"column":46}}}},"branchMap":{"0":{"loc":{"start":{"line":9,"column":4},"end":{"line":11,"column":20}},"type":"cond-expr","locations":[{"start":{"line":10,"column":6},"end":{"line":10,"column":19}},{"start":{"line":11,"column":6},"end":{"line":11,"column":20}}]},"1":{"loc":{"start":{"line":24,"column":4},"end":{"line":26,"column":46}},"type":"cond-expr","locations":[{"start":{"line":25,"column":6},"end":{"line":25,"column":null}},{"start":{"line":26,"column":6},"end":{"line":26,"column":46}}]}},"s":{"0":85,"1":0,"2":22,"3":22,"4":22,"5":22,"6":22,"7":53,"8":22,"9":64,"10":22},"f":{"0":53,"1":64},"b":{"0":[15,38],"1":[11,53]}}
,"/Users/Mirek.Rusin/tsql/src/exists.ts": {"path":"/Users/Mirek.Rusin/tsql/src/exists.ts","statementMap":{"0":{"start":{"line":16,"column":0},"end":{"line":16,"column":15}},"1":{"start":{"line":9,"column":13},"end":{"line":9,"column":19}},"2":{"start":{"line":1,"column":21},"end":{"line":1,"column":null}},"3":{"start":{"line":2,"column":15},"end":{"line":2,"column":null}},"4":{"start":{"line":5,"column":17},"end":{"line":5,"column":null}},"5":{"start":{"line":6,"column":20},"end":{"line":6,"column":null}},"6":{"start":{"line":10,"column":2},"end":{"line":14,"column":null}},"7":{"start":{"line":11,"column":19},"end":{"line":11,"column":null}},"8":{"start":{"line":12,"column":19},"end":{"line":12,"column":null}},"9":{"start":{"line":13,"column":4},"end":{"line":13,"column":null}},"10":{"start":{"line":16,"column":15},"end":{"line":16,"column":21}}},"fnMap":{"0":{"name":"(anonymous_4)","decl":{"start":{"line":10,"column":2},"end":{"line":10,"column":3}},"loc":{"start":{"line":10,"column":24},"end":{"line":14,"column":null}}}},"branchMap":{},"s":{"0":0,"1":0,"2":22,"3":22,"4":22,"5":22,"6":22,"7":0,"8":0,"9":0,"10":22},"f":{"0":0},"b":{}}
,"/Users/Mirek.Rusin/tsql/src/fallback.ts": {"path":"/Users/Mirek.Rusin/tsql/src/fallback.ts","statementMap":{"0":{"start":{"line":11,"column":0},"end":{"line":11,"column":15}},"1":{"start":{"line":5,"column":13},"end":{"line":5,"column":21}},"2":{"start":{"line":1,"column":14},"end":{"line":1,"column":null}},"3":{"start":{"line":6,"column":2},"end":{"line":9,"column":null}},"4":{"start":{"line":7,"column":4},"end":{"line":9,"column":null}},"5":{"start":{"line":11,"column":15},"end":{"line":11,"column":23}}},"fnMap":{"0":{"name":"(anonymous_4)","decl":{"start":{"line":6,"column":2},"end":{"line":6,"column":6}},"loc":{"start":{"line":7,"column":4},"end":{"line":9,"column":null}}}},"branchMap":{"0":{"loc":{"start":{"line":7,"column":4},"end":{"line":9,"column":null}},"type":"cond-expr","locations":[{"start":{"line":8,"column":6},"end":{"line":8,"column":null}},{"start":{"line":9,"column":6},"end":{"line":9,"column":null}}]}},"s":{"0":105,"1":0,"2":22,"3":22,"4":105,"5":22},"f":{"0":105},"b":{"0":[35,70]}}
,"/Users/Mirek.Rusin/tsql/src/false-value.ts": {"path":"/Users/Mirek.Rusin/tsql/src/false-value.ts","statementMap":{"0":{"start":{"line":16,"column":0},"end":{"line":16,"column":15}},"1":{"start":{"line":13,"column":13},"end":{"line":13,"column":23}},"2":{"start":{"line":2,"column":16},"end":{"line":2,"column":null}},"3":{"start":{"line":14,"column":2},"end":{"line":14,"column":null}},"4":{"start":{"line":16,"column":15},"end":{"line":16,"column":25}}},"fnMap":{},"branchMap":{},"s":{"0":3,"1":0,"2":22,"3":22,"4":22},"f":{},"b":{}}
,"/Users/Mirek.Rusin/tsql/src/gt.ts": {"path":"/Users/Mirek.Rusin/tsql/src/gt.ts","statementMap":{"0":{"start":{"line":13,"column":0},"end":{"line":13,"column":15}},"1":{"start":{"line":9,"column":13},"end":{"line":9,"column":15}},"2":{"start":{"line":1,"column":15},"end":{"line":1,"column":null}},"3":{"start":{"line":10,"column":2},"end":{"line":11,"column":null}},"4":{"start":{"line":11,"column":4},"end":{"line":11,"column":null}},"5":{"start":{"line":13,"column":15},"end":{"line":13,"column":17}}},"fnMap":{"0":{"name":"(anonymous_4)","decl":{"start":{"line":10,"column":2},"end":{"line":10,"column":3}},"loc":{"start":{"line":11,"column":4},"end":{"line":11,"column":null}}}},"branchMap":{},"s":{"0":24,"1":0,"2":22,"3":22,"4":5,"5":22},"f":{"0":5},"b":{}}
,"/Users/Mirek.Rusin/tsql/src/gte.ts": {"path":"/Users/Mirek.Rusin/tsql/src/gte.ts","statementMap":{"0":{"start":{"line":13,"column":0},"end":{"line":13,"column":15}},"1":{"start":{"line":9,"column":13},"end":{"line":9,"column":16}},"2":{"start":{"line":1,"column":15},"end":{"line":1,"column":null}},"3":{"start":{"line":10,"column":2},"end":{"line":11,"column":null}},"4":{"start":{"line":11,"column":4},"end":{"line":11,"column":null}},"5":{"start":{"line":13,"column":15},"end":{"line":13,"column":18}}},"fnMap":{"0":{"name":"(anonymous_4)","decl":{"start":{"line":10,"column":2},"end":{"line":10,"column":3}},"loc":{"start":{"line":11,"column":4},"end":{"line":11,"column":null}}}},"branchMap":{},"s":{"0":22,"1":0,"2":22,"3":22,"4":1,"5":22},"f":{"0":1},"b":{}}
,"/Users/Mirek.Rusin/tsql/src/identifier.ts": {"path":"/Users/Mirek.Rusin/tsql/src/identifier.ts","statementMap":{"0":{"start":{"line":82,"column":0},"end":{"line":82,"column":15}},"1":{"start":{"line":40,"column":16},"end":{"line":40,"column":26}},"2":{"start":{"line":11,"column":16},"end":{"line":11,"column":23}},"3":{"start":{"line":78,"column":16},"end":{"line":78,"column":30}},"4":{"start":{"line":71,"column":16},"end":{"line":71,"column":25}},"5":{"start":{"line":66,"column":16},"end":{"line":66,"column":25}},"6":{"start":{"line":19,"column":16},"end":{"line":19,"column":21}},"7":{"start":{"line":1,"column":20},"end":{"line":1,"column":null}},"8":{"start":{"line":2,"column":16},"end":{"line":2,"column":null}},"9":{"start":{"line":3,"column":21},"end":{"line":3,"column":null}},"10":{"start":{"line":12,"column":2},"end":{"line":14,"column":null}},"11":{"start":{"line":20,"column":2},"end":{"line":20,"column":null}},"12":{"start":{"line":41,"column":2},"end":{"line":43,"column":null}},"13":{"start":{"line":42,"column":4},"end":{"line":42,"column":null}},"14":{"start":{"line":44,"column":2},"end":{"line":58,"column":null}},"15":{"start":{"line":45,"column":4},"end":{"line":48,"column":null}},"16":{"start":{"line":46,"column":35},"end":{"line":46,"column":null}},"17":{"start":{"line":47,"column":6},"end":{"line":47,"column":null}},"18":{"start":{"line":49,"column":4},"end":{"line":52,"column":null}},"19":{"start":{"line":50,"column":35},"end":{"line":50,"column":null}},"20":{"start":{"line":51,"column":6},"end":{"line":51,"column":null}},"21":{"start":{"line":53,"column":4},"end":{"line":56,"column":null}},"22":{"start":{"line":54,"column":35},"end":{"line":54,"column":null}},"23":{"start":{"line":55,"column":6},"end":{"line":55,"column":null}},"24":{"start":{"line":57,"column":4},"end":{"line":57,"column":null}},"25":{"start":{"line":57,"column":45},"end":{"line":57,"column":72}},"26":{"start":{"line":59,"column":2},"end":{"line":61,"column":null}},"27":{"start":{"line":59,"column":47},"end":{"line":59,"column":88}},"28":{"start":{"line":60,"column":4},"end":{"line":60,"column":null}},"29":{"start":{"line":60,"column":50},"end":{"line":60,"column":64}},"30":{"start":{"line":62,"column":2},"end":{"line":62,"column":null}},"31":{"start":{"line":67,"column":2},"end":{"line":67,"column":null}},"32":{"start":{"line":72,"column":2},"end":{"line":74,"column":null}},"33":{"start":{"line":79,"column":2},"end":{"line":79,"column":null}},"34":{"start":{"line":82,"column":15},"end":{"line":82,"column":25}}},"fnMap":{"0":{"name":"isPlain","decl":{"start":{"line":11,"column":16},"end":{"line":11,"column":23}},"loc":{"start":{"line":11,"column":37},"end":{"line":16,"column":null}}},"1":{"name":"quote","decl":{"start":{"line":19,"column":16},"end":{"line":19,"column":21}},"loc":{"start":{"line":19,"column":36},"end":{"line":21,"column":null}}},"2":{"name":"identifier","decl":{"start":{"line":40,"column":16},"end":{"line":40,"column":26}},"loc":{"start":{"line":40,"column":44},"end":{"line":63,"column":null}}},"3":{"name":"(anonymous_12)","decl":{"start":{"line":57,"column":40},"end":{"line":57,"column":45}},"loc":{"start":{"line":57,"column":45},"end":{"line":57,"column":72}}},"4":{"name":"(anonymous_13)","decl":{"start":{"line":59,"column":42},"end":{"line":59,"column":47}},"loc":{"start":{"line":59,"column":47},"end":{"line":59,"column":88}}},"5":{"name":"(anonymous_14)","decl":{"start":{"line":60,"column":45},"end":{"line":60,"column":50}},"loc":{"start":{"line":60,"column":50},"end":{"line":60,"column":64}}},"6":{"name":"jsonValue","decl":{"start":{"line":66,"column":16},"end":{"line":66,"column":25}},"loc":{"start":{"line":66,"column":61},"end":{"line":68,"column":null}}},"7":{"name":"jsonQuery","decl":{"start":{"line":71,"column":16},"end":{"line":71,"column":25}},"loc":{"start":{"line":71,"column":81},"end":{"line":75,"column":null}}},"8":{"name":"jsonPathExists","decl":{"start":{"line":78,"column":16},"end":{"line":78,"column":30}},"loc":{"start":{"line":78,"column":66},"end":{"line":80,"column":null}}}},"branchMap":{"0":{"loc":{"start":{"line":13,"column":4},"end":{"line":14,"column":null}},"type":"binary-expr","locations":[{"start":{"line":13,"column":4},"end":{"line":13,"column":34}},{"start":{"line":14,"column":4},"end":{"line":14,"column":null}}]},"1":{"loc":{"start":{"line":41,"column":2},"end":{"line":43,"column":null}},"type":"if","locations":[{"start":{"line":41,"column":2},"end":{"line":43,"column":null}}]},"2":{"loc":{"start":{"line":44,"column":2},"end":{"line":58,"column":null}},"type":"if","locations":[{"start":{"line":44,"column":2},"end":{"line":58,"column":null}}]},"3":{"loc":{"start":{"line":45,"column":4},"end":{"line":48,"column":null}},"type":"if","locations":[{"start":{"line":45,"column":4},"end":{"line":48,"column":null}}]},"4":{"loc":{"start":{"line":49,"column":4},"end":{"line":52,"column":null}},"type":"if","locations":[{"start":{"line":49,"column":4},"end":{"line":52,"column":null}}]},"5":{"loc":{"start":{"line":53,"column":4},"end":{"line":56,"column":null}},"type":"if","locations":[{"start":{"line":53,"column":4},"end":{"line":56,"column":null}}]},"6":{"loc":{"start":{"line":57,"column":45},"end":{"line":57,"column":72}},"type":"cond-expr","locations":[{"start":{"line":57,"column":58},"end":{"line":57,"column":62}},{"start":{"line":57,"column":62},"end":{"line":57,"column":72}}]},"7":{"loc":{"start":{"line":59,"column":2},"end":{"line":61,"column":null}},"type":"if","locations":[{"start":{"line":59,"column":2},"end":{"line":61,"column":null}}]},"8":{"loc":{"start":{"line":59,"column":6},"end":{"line":59,"column":91}},"type":"binary-expr","locations":[{"start":{"line":59,"column":6},"end":{"line":59,"column":30}},{"start":{"line":59,"column":30},"end":{"line":59,"column":91}}]},"9":{"loc":{"start":{"line":59,"column":47},"end":{"line":59,"column":88}},"type":"binary-expr","locations":[{"start":{"line":59,"column":47},"end":{"line":59,"column":72}},{"start":{"line":59,"column":72},"end":{"line":59,"column":88}}]},"10":{"loc":{"start":{"line":72,"column":9},"end":{"line":74,"column":null}},"type":"cond-expr","locations":[{"start":{"line":73,"column":4},"end":{"line":73,"column":null}},{"start":{"line":74,"column":4},"end":{"line":74,"column":null}}]}},"s":{"0":343,"1":0,"2":0,"3":22,"4":22,"5":22,"6":0,"7":22,"8":22,"9":22,"10":424,"11":159,"12":485,"13":1,"14":484,"15":425,"16":6,"17":6,"18":419,"19":1,"20":1,"21":418,"22":2,"23":2,"24":416,"25":424,"26":59,"27":118,"28":59,"29":118,"30":0,"31":6,"32":1,"33":2,"34":22},"f":{"0":424,"1":159,"2":485,"3":424,"4":118,"5":118,"6":6,"7":1,"8":2},"b":{"0":[424,282],"1":[1],"2":[425],"3":[6],"4":[1],"5":[2],"6":[265,159],"7":[59],"8":[59,59],"9":[118,0],"10":[1,0]}}
,"/Users/Mirek.Rusin/tsql/src/identifiers.ts": {"path":"/Users/Mirek.Rusin/tsql/src/identifiers.ts","statementMap":{"0":{"start":{"line":15,"column":0},"end":{"line":15,"column":15}},"1":{"start":{"line":11,"column":13},"end":{"line":11,"column":24}},"2":{"start":{"line":1,"column":15},"end":{"line":1,"column":null}},"3":{"start":{"line":2,"column":17},"end":{"line":2,"column":null}},"4":{"start":{"line":12,"column":2},"end":{"line":13,"column":null}},"5":{"start":{"line":13,"column":4},"end":{"line":13,"column":null}},"6":{"start":{"line":15,"column":15},"end":{"line":15,"column":26}}},"fnMap":{"0":{"name":"(anonymous_4)","decl":{"start":{"line":12,"column":2},"end":{"line":12,"column":3}},"loc":{"start":{"line":13,"column":4},"end":{"line":13,"column":null}}}},"branchMap":{},"s":{"0":0,"1":0,"2":22,"3":22,"4":22,"5":0,"6":22},"f":{"0":0},"b":{}}
,"/Users/Mirek.Rusin/tsql/src/in.ts": {"path":"/Users/Mirek.Rusin/tsql/src/in.ts","statementMap":{"0":{"start":{"line":24,"column":0},"end":{"line":24,"column":15}},"1":{"start":{"line":16,"column":13},"end":{"line":16,"column":16}},"2":{"start":{"line":1,"column":15},"end":{"line":1,"column":null}},"3":{"start":{"line":2,"column":17},"end":{"line":2,"column":null}},"4":{"start":{"line":3,"column":21},"end":{"line":3,"column":null}},"5":{"start":{"line":4,"column":19},"end":{"line":4,"column":null}},"6":{"start":{"line":5,"column":16},"end":{"line":5,"column":null}},"7":{"start":{"line":7,"column":25},"end":{"line":7,"column":null}},"8":{"start":{"line":17,"column":2},"end":{"line":22,"column":20}},"9":{"start":{"line":18,"column":4},"end":{"line":22,"column":20}},"10":{"start":{"line":24,"column":15},"end":{"line":24,"column":18}}},"fnMap":{"0":{"name":"(anonymous_4)","decl":{"start":{"line":17,"column":2},"end":{"line":17,"column":3}},"loc":{"start":{"line":18,"column":4},"end":{"line":22,"column":20}}}},"branchMap":{"0":{"loc":{"start":{"line":18,"column":4},"end":{"line":22,"column":20}},"type":"cond-expr","locations":[{"start":{"line":19,"column":6},"end":{"line":19,"column":null}},{"start":{"line":20,"column":6},"end":{"line":22,"column":20}}]},"1":{"loc":{"start":{"line":20,"column":6},"end":{"line":22,"column":20}},"type":"cond-expr","locations":[{"start":{"line":21,"column":8},"end":{"line":21,"column":45}},{"start":{"line":22,"column":8},"end":{"line":22,"column":20}}]},"2":{"loc":{"start":{"line":20,"column":6},"end":{"line":20,"column":null}},"type":"binary-expr","locations":[{"start":{"line":20,"column":6},"end":{"line":20,"column":11}},{"start":{"line":20,"column":11},"end":{"line":20,"column":26}},{"start":{"line":20,"column":26},"end":{"line":20,"column":null}}]}},"s":{"0":32,"1":0,"2":22,"3":22,"4":22,"5":22,"6":22,"7":22,"8":22,"9":11,"10":22},"f":{"0":11},"b":{"0":[2,9],"1":[5,4],"2":[9,7,7]}}
,"/Users/Mirek.Rusin/tsql/src/indent-tail.ts": {"path":"/Users/Mirek.Rusin/tsql/src/indent-tail.ts","statementMap":{"0":{"start":{"line":10,"column":0},"end":{"line":10,"column":15}},"1":{"start":{"line":3,"column":2},"end":{"line":8,"column":null}},"2":{"start":{"line":4,"column":4},"end":{"line":8,"column":null}},"3":{"start":{"line":10,"column":15},"end":{"line":10,"column":null}}},"fnMap":{"0":{"name":"(anonymous_1)","decl":{"start":{"line":3,"column":2},"end":{"line":3,"column":3}},"loc":{"start":{"line":4,"column":4},"end":{"line":8,"column":null}}}},"branchMap":{"0":{"loc":{"start":{"line":4,"column":4},"end":{"line":8,"column":null}},"type":"cond-expr","locations":[{"start":{"line":5,"column":6},"end":{"line":7,"column":null}},{"start":{"line":8,"column":6},"end":{"line":8,"column":null}}]}},"s":{"0":705,"1":22,"2":705,"3":22},"f":{"0":705},"b":{"0":[236,469]}}
,"/Users/Mirek.Rusin/tsql/src/index.ts": {"path":"/Users/Mirek.Rusin/tsql/src/index.ts","statementMap":{"0":{"start":{"line":184,"column":2},"end":{"line":184,"column":15}},"1":{"start":{"line":164,"column":2},"end":{"line":164,"column":null}},"2":{"start":{"line":165,"column":2},"end":{"line":165,"column":null}},"3":{"start":{"line":185,"column":2},"end":{"line":185,"column":25}},"4":{"start":{"line":168,"column":2},"end":{"line":168,"column":18}},"5":{"start":{"line":91,"column":2},"end":{"line":91,"column":null}},"6":{"start":{"line":92,"column":2},"end":{"line":92,"column":null}},"7":{"start":{"line":93,"column":2},"end":{"line":93,"column":null}},"8":{"start":{"line":94,"column":2},"end":{"line":94,"column":null}},"9":{"start":{"line":95,"column":2},"end":{"line":95,"column":null}},"10":{"start":{"line":96,"column":2},"end":{"line":96,"column":null}},"11":{"start":{"line":97,"column":2},"end":{"line":97,"column":13}},"12":{"start":{"line":98,"column":2},"end":{"line":98,"column":null}},"13":{"start":{"line":99,"column":2},"end":{"line":99,"column":null}},"14":{"start":{"line":100,"column":2},"end":{"line":100,"column":null}},"15":{"start":{"line":101,"column":2},"end":{"line":101,"column":null}},"16":{"start":{"line":102,"column":2},"end":{"line":102,"column":null}},"17":{"start":{"line":103,"column":2},"end":{"line":103,"column":null}},"18":{"start":{"line":104,"column":2},"end":{"line":104,"column":null}},"19":{"start":{"line":105,"column":2},"end":{"line":105,"column":null}},"20":{"start":{"line":181,"column":2},"end":{"line":182,"column":16}},"21":{"start":{"line":106,"column":2},"end":{"line":106,"column":null}},"22":{"start":{"line":107,"column":2},"end":{"line":107,"column":null}},"23":{"start":{"line":183,"column":2},"end":{"line":183,"column":17}},"24":{"start":{"line":108,"column":2},"end":{"line":108,"column":9}},"25":{"start":{"line":109,"column":2},"end":{"line":109,"column":null}},"26":{"start":{"line":110,"column":2},"end":{"line":110,"column":null}},"27":{"start":{"line":111,"column":2},"end":{"line":111,"column":null}},"28":{"start":{"line":112,"column":2},"end":{"line":112,"column":null}},"29":{"start":{"line":113,"column":2},"end":{"line":113,"column":null}},"30":{"start":{"line":114,"column":2},"end":{"line":114,"column":null}},"31":{"start":{"line":115,"column":2},"end":{"line":115,"column":null}},"32":{"start":{"line":116,"column":2},"end":{"line":116,"column":null}},"33":{"start":{"line":117,"column":2},"end":{"line":117,"column":null}},"34":{"start":{"line":118,"column":2},"end":{"line":118,"column":null}},"35":{"start":{"line":119,"column":2},"end":{"line":119,"column":null}},"36":{"start":{"line":120,"column":2},"end":{"line":120,"column":null}},"37":{"start":{"line":121,"column":2},"end":{"line":121,"column":null}},"38":{"start":{"line":122,"column":2},"end":{"line":122,"column":null}},"39":{"start":{"line":123,"column":2},"end":{"line":123,"column":null}},"40":{"start":{"line":124,"column":2},"end":{"line":124,"column":null}},"41":{"start":{"line":125,"column":2},"end":{"line":125,"column":null}},"42":{"start":{"line":126,"column":2},"end":{"line":126,"column":null}},"43":{"start":{"line":127,"column":2},"end":{"line":127,"column":null}},"44":{"start":{"line":128,"column":2},"end":{"line":128,"column":null}},"45":{"start":{"line":129,"column":2},"end":{"line":129,"column":null}},"46":{"start":{"line":130,"column":2},"end":{"line":130,"column":null}},"47":{"start":{"line":131,"column":2},"end":{"line":131,"column":null}},"48":{"start":{"line":132,"column":2},"end":{"line":132,"column":null}},"49":{"start":{"line":133,"column":2},"end":{"line":133,"column":null}},"50":{"start":{"line":134,"column":2},"end":{"line":134,"column":null}},"51":{"start":{"line":135,"column":2},"end":{"line":135,"column":null}},"52":{"start":{"line":136,"column":2},"end":{"line":136,"column":null}},"53":{"start":{"line":137,"column":2},"end":{"line":137,"column":null}},"54":{"start":{"line":138,"column":2},"end":{"line":138,"column":null}},"55":{"start":{"line":139,"column":2},"end":{"line":139,"column":null}},"56":{"start":{"line":140,"column":2},"end":{"line":140,"column":null}},"57":{"start":{"line":141,"column":2},"end":{"line":141,"column":null}},"58":{"start":{"line":142,"column":2},"end":{"line":142,"column":null}},"59":{"start":{"line":143,"column":2},"end":{"line":143,"column":null}},"60":{"start":{"line":144,"column":2},"end":{"line":144,"column":null}},"61":{"start":{"line":145,"column":2},"end":{"line":145,"column":null}},"62":{"start":{"line":146,"column":2},"end":{"line":146,"column":null}},"63":{"start":{"line":147,"column":2},"end":{"line":147,"column":null}},"64":{"start":{"line":148,"column":2},"end":{"line":148,"column":null}},"65":{"start":{"line":149,"column":2},"end":{"line":149,"column":null}},"66":{"start":{"line":150,"column":2},"end":{"line":150,"column":null}},"67":{"start":{"line":151,"column":2},"end":{"line":151,"column":null}},"68":{"start":{"line":152,"column":2},"end":{"line":152,"column":11}},"69":{"start":{"line":153,"column":2},"end":{"line":153,"column":13}},"70":{"start":{"line":154,"column":2},"end":{"line":154,"column":null}},"71":{"start":{"line":155,"column":2},"end":{"line":155,"column":null}},"72":{"start":{"line":156,"column":2},"end":{"line":156,"column":null}},"73":{"start":{"line":157,"column":2},"end":{"line":157,"column":null}},"74":{"start":{"line":158,"column":2},"end":{"line":158,"column":null}},"75":{"start":{"line":159,"column":2},"end":{"line":159,"column":null}},"76":{"start":{"line":160,"column":2},"end":{"line":160,"column":null}},"77":{"start":{"line":161,"column":2},"end":{"line":161,"column":null}},"78":{"start":{"line":162,"column":2},"end":{"line":162,"column":null}},"79":{"start":{"line":163,"column":2},"end":{"line":163,"column":null}},"80":{"start":{"line":166,"column":2},"end":{"line":166,"column":null}},"81":{"start":{"line":167,"column":2},"end":{"line":167,"column":null}},"82":{"start":{"line":169,"column":2},"end":{"line":169,"column":null}},"83":{"start":{"line":170,"column":2},"end":{"line":170,"column":null}},"84":{"start":{"line":171,"column":2},"end":{"line":171,"column":null}},"85":{"start":{"line":172,"column":2},"end":{"line":172,"column":null}},"86":{"start":{"line":173,"column":2},"end":{"line":173,"column":null}},"87":{"start":{"line":174,"column":2},"end":{"line":174,"column":null}},"88":{"start":{"line":176,"column":2},"end":{"line":176,"column":null}},"89":{"start":{"line":177,"column":2},"end":{"line":177,"column":null}},"90":{"start":{"line":178,"column":2},"end":{"line":178,"column":null}},"91":{"start":{"line":1,"column":34},"end":{"line":1,"column":null}},"92":{"start":{"line":2,"column":16},"end":{"line":2,"column":null}},"93":{"start":{"line":3,"column":19},"end":{"line":3,"column":null}},"94":{"start":{"line":4,"column":25},"end":{"line":4,"column":null}},"95":{"start":{"line":5,"column":17},"end":{"line":5,"column":null}},"96":{"start":{"line":6,"column":20},"end":{"line":6,"column":null}},"97":{"start":{"line":7,"column":20},"end":{"line":7,"column":null}},"98":{"start":{"line":8,"column":20},"end":{"line":8,"column":null}},"99":{"start":{"line":9,"column":21},"end":{"line":9,"column":null}},"100":{"start":{"line":10,"column":21},"end":{"line":10,"column":null}},"101":{"start":{"line":11,"column":15},"end":{"line":11,"column":null}},"102":{"start":{"line":12,"column":19},"end":{"line":12,"column":null}},"103":{"start":{"line":13,"column":21},"end":{"line":13,"column":null}},"104":{"start":{"line":14,"column":23},"end":{"line":14,"column":null}},"105":{"start":{"line":15,"column":15},"end":{"line":15,"column":null}},"106":{"start":{"line":16,"column":16},"end":{"line":16,"column":null}},"107":{"start":{"line":17,"column":23},"end":{"line":17,"column":null}},"108":{"start":{"line":18,"column":24},"end":{"line":18,"column":null}},"109":{"start":{"line":19,"column":16},"end":{"line":19,"column":null}},"110":{"start":{"line":20,"column":23},"end":{"line":20,"column":null}},"111":{"start":{"line":21,"column":32},"end":{"line":21,"column":null}},"112":{"start":{"line":22,"column":33},"end":{"line":22,"column":null}},"113":{"start":{"line":23,"column":25},"end":{"line":23,"column":null}},"114":{"start":{"line":24,"column":29},"end":{"line":24,"column":null}},"115":{"start":{"line":25,"column":25},"end":{"line":25,"column":null}},"116":{"start":{"line":26,"column":26},"end":{"line":26,"column":null}},"117":{"start":{"line":27,"column":24},"end":{"line":27,"column":null}},"118":{"start":{"line":28,"column":25},"end":{"line":28,"column":null}},"119":{"start":{"line":29,"column":15},"end":{"line":29,"column":null}},"120":{"start":{"line":30,"column":19},"end":{"line":30,"column":null}},"121":{"start":{"line":31,"column":21},"end":{"line":31,"column":null}},"122":{"start":{"line":32,"column":17},"end":{"line":32,"column":null}},"123":{"start":{"line":33,"column":23},"end":{"line":33,"column":null}},"124":{"start":{"line":34,"column":21},"end":{"line":34,"column":null}},"125":{"start":{"line":35,"column":27},"end":{"line":35,"column":null}},"126":{"start":{"line":36,"column":22},"end":{"line":36,"column":null}},"127":{"start":{"line":37,"column":22},"end":{"line":37,"column":null}},"128":{"start":{"line":38,"column":26},"end":{"line":38,"column":null}},"129":{"start":{"line":39,"column":17},"end":{"line":39,"column":null}},"130":{"start":{"line":40,"column":35},"end":{"line":40,"column":null}},"131":{"start":{"line":41,"column":17},"end":{"line":41,"column":null}},"132":{"start":{"line":42,"column":18},"end":{"line":42,"column":null}},"133":{"start":{"line":43,"column":17},"end":{"line":43,"column":null}},"134":{"start":{"line":44,"column":25},"end":{"line":44,"column":null}},"135":{"start":{"line":45,"column":24},"end":{"line":45,"column":null}},"136":{"start":{"line":46,"column":15},"end":{"line":46,"column":null}},"137":{"start":{"line":47,"column":16},"end":{"line":47,"column":null}},"138":{"start":{"line":48,"column":30},"end":{"line":48,"column":null}},"139":{"start":{"line":49,"column":29},"end":{"line":49,"column":null}},"140":{"start":{"line":50,"column":22},"end":{"line":50,"column":null}},"141":{"start":{"line":51,"column":23},"end":{"line":51,"column":null}},"142":{"start":{"line":52,"column":20},"end":{"line":52,"column":null}},"143":{"start":{"line":53,"column":24},"end":{"line":53,"column":null}},"144":{"start":{"line":54,"column":15},"end":{"line":54,"column":null}},"145":{"start":{"line":55,"column":15},"end":{"line":55,"column":null}},"146":{"start":{"line":56,"column":15},"end":{"line":56,"column":null}},"147":{"start":{"line":57,"column":16},"end":{"line":57,"column":null}},"148":{"start":{"line":58,"column":23},"end":{"line":58,"column":null}},"149":{"start":{"line":59,"column":24},"end":{"line":59,"column":null}},"150":{"start":{"line":60,"column":18},"end":{"line":60,"column":null}},"151":{"start":{"line":61,"column":16},"end":{"line":61,"column":null}},"152":{"start":{"line":62,"column":20},"end":{"line":62,"column":null}},"153":{"start":{"line":63,"column":18},"end":{"line":63,"column":null}},"154":{"start":{"line":64,"column":20},"end":{"line":64,"column":null}},"155":{"start":{"line":65,"column":21},"end":{"line":65,"column":null}},"156":{"start":{"line":66,"column":15},"end":{"line":66,"column":null}},"157":{"start":{"line":67,"column":20},"end":{"line":67,"column":null}},"158":{"start":{"line":68,"column":17},"end":{"line":68,"column":null}},"159":{"start":{"line":69,"column":26},"end":{"line":69,"column":null}},"160":{"start":{"line":70,"column":29},"end":{"line":70,"column":null}},"161":{"start":{"line":71,"column":16},"end":{"line":71,"column":null}},"162":{"start":{"line":72,"column":27},"end":{"line":72,"column":null}},"163":{"start":{"line":73,"column":16},"end":{"line":73,"column":null}},"164":{"start":{"line":74,"column":19},"end":{"line":74,"column":null}},"165":{"start":{"line":75,"column":22},"end":{"line":75,"column":null}},"166":{"start":{"line":76,"column":32},"end":{"line":76,"column":null}},"167":{"start":{"line":77,"column":19},"end":{"line":77,"column":null}},"168":{"start":{"line":78,"column":17},"end":{"line":78,"column":null}},"169":{"start":{"line":79,"column":21},"end":{"line":79,"column":null}},"170":{"start":{"line":80,"column":16},"end":{"line":80,"column":null}},"171":{"start":{"line":81,"column":22},"end":{"line":81,"column":null}},"172":{"start":{"line":83,"column":19},"end":{"line":83,"column":null}},"173":{"start":{"line":84,"column":17},"end":{"line":84,"column":null}},"174":{"start":{"line":85,"column":19},"end":{"line":85,"column":null}},"175":{"start":{"line":86,"column":26},"end":{"line":86,"column":null}},"176":{"start":{"line":87,"column":26},"end":{"line":87,"column":null}},"177":{"start":{"line":88,"column":18},"end":{"line":88,"column":null}}},"fnMap":{},"branchMap":{},"s":{"0":1,"1":0,"2":0,"3":1,"4":0,"5":6,"6":9,"7":5,"8":1,"9":0,"10":0,"11":13,"12":15,"13":0,"14":11,"15":0,"16":0,"17":0,"18":2,"19":0,"20":31,"21":0,"22":0,"23":0,"24":10,"25":0,"26":0,"27":1,"28":10,"29":0,"30":10,"31":7,"32":0,"33":0,"34":6,"35":6,"36":0,"37":0,"38":3,"39":8,"40":0,"41":0,"42":0,"43":0,"44":0,"45":0,"46":0,"47":5,"48":1,"49":0,"50":19,"51":0,"52":0,"53":0,"54":0,"55":0,"56":0,"57":5,"58":2,"59":0,"60":0,"61":0,"62":0,"63":0,"64":0,"65":0,"66":0,"67":0,"68":1,"69":0,"70":0,"71":6,"72":3,"73":0,"74":0,"75":0,"76":4,"77":0,"78":0,"79":0,"80":0,"81":0,"82":37,"83":0,"84":0,"85":0,"86":0,"87":6,"88":0,"89":0,"90":24,"91":22,"92":22,"93":22,"94":22,"95":22,"96":22,"97":22,"98":22,"99":22,"100":22,"101":22,"102":22,"103":22,"104":22,"105":22,"106":22,"107":22,"108":22,"109":22,"110":22,"111":22,"112":22,"113":22,"114":22,"115":22,"116":22,"117":22,"118":22,"119":22,"120":22,"121":22,"122":22,"123":22,"124":22,"125":22,"126":22,"127":22,"128":22,"129":22,"130":22,"131":22,"132":22,"133":22,"134":22,"135":22,"136":22,"137":22,"138":22,"139":22,"140":22,"141":22,"142":22,"143":22,"144":22,"145":22,"146":22,"147":22,"148":22,"149":22,"150":22,"151":22,"152":22,"153":22,"154":22,"155":22,"156":22,"157":22,"158":22,"159":22,"160":22,"161":22,"162":22,"163":22,"164":22,"165":22,"166":22,"167":22,"168":22,"169":22,"170":22,"171":22,"172":22,"173":22,"174":22,"175":22,"176":22,"177":22},"f":{},"b":{}}
,"/Users/Mirek.Rusin/tsql/src/inline-table-of-column.ts": {"path":"/Users/Mirek.Rusin/tsql/src/inline-table-of-column.ts","statementMap":{"0":{"start":{"line":28,"column":0},"end":{"line":28,"column":15}},"1":{"start":{"line":13,"column":13},"end":{"line":13,"column":32}},"2":{"start":{"line":1,"column":15},"end":{"line":1,"column":null}},"3":{"start":{"line":2,"column":17},"end":{"line":2,"column":null}},"4":{"start":{"line":3,"column":16},"end":{"line":3,"column":null}},"5":{"start":{"line":6,"column":17},"end":{"line":6,"column":null}},"6":{"start":{"line":14,"column":2},"end":{"line":26,"column":null}},"7":{"start":{"line":15,"column":4},"end":{"line":17,"column":null}},"8":{"start":{"line":16,"column":6},"end":{"line":16,"column":null}},"9":{"start":{"line":18,"column":19},"end":{"line":18,"column":null}},"10":{"start":{"line":19,"column":20},"end":{"line":19,"column":null}},"11":{"start":{"line":20,"column":20},"end":{"line":20,"column":null}},"12":{"start":{"line":20,"column":41},"end":{"line":20,"column":54}},"13":{"start":{"line":21,"column":4},"end":{"line":25,"column":null}},"14":{"start":{"line":28,"column":15},"end":{"line":28,"column":34}}},"fnMap":{"0":{"name":"(anonymous_4)","decl":{"start":{"line":14,"column":2},"end":{"line":14,"column":3}},"loc":{"start":{"line":14,"column":46},"end":{"line":26,"column":null}}},"1":{"name":"(anonymous_5)","decl":{"start":{"line":20,"column":36},"end":{"line":20,"column":41}},"loc":{"start":{"line":20,"column":41},"end":{"line":20,"column":54}}}},"branchMap":{"0":{"loc":{"start":{"line":15,"column":4},"end":{"line":17,"column":null}},"type":"if","locations":[{"start":{"line":15,"column":4},"end":{"line":17,"column":null}}]}},"s":{"0":4,"1":0,"2":22,"3":22,"4":22,"5":22,"6":22,"7":4,"8":0,"9":4,"10":4,"11":4,"12":11,"13":4,"14":22},"f":{"0":4,"1":11},"b":{"0":[0]}}
,"/Users/Mirek.Rusin/tsql/src/inline-table-of-objects.ts": {"path":"/Users/Mirek.Rusin/tsql/src/inline-table-of-objects.ts","statementMap":{"0":{"start":{"line":27,"column":0},"end":{"line":27,"column":15}},"1":{"start":{"line":15,"column":13},"end":{"line":15,"column":33}},"2":{"start":{"line":1,"column":17},"end":{"line":1,"column":null}},"3":{"start":{"line":2,"column":15},"end":{"line":2,"column":null}},"4":{"start":{"line":3,"column":26},"end":{"line":3,"column":null}},"5":{"start":{"line":4,"column":17},"end":{"line":4,"column":null}},"6":{"start":{"line":5,"column":16},"end":{"line":5,"column":null}},"7":{"start":{"line":8,"column":17},"end":{"line":8,"column":null}},"8":{"start":{"line":16,"column":2},"end":{"line":25,"column":null}},"9":{"start":{"line":17,"column":19},"end":{"line":17,"column":null}},"10":{"start":{"line":18,"column":17},"end":{"line":18,"column":null}},"11":{"start":{"line":19,"column":21},"end":{"line":19,"column":null}},"12":{"start":{"line":20,"column":20},"end":{"line":20,"column":null}},"13":{"start":{"line":20,"column":47},"end":{"line":20,"column":89}},"14":{"start":{"line":20,"column":67},"end":{"line":20,"column":89}},"15":{"start":{"line":21,"column":4},"end":{"line":24,"column":null}},"16":{"start":{"line":27,"column":15},"end":{"line":27,"column":35}}},"fnMap":{"0":{"name":"(anonymous_4)","decl":{"start":{"line":16,"column":2},"end":{"line":16,"column":3}},"loc":{"start":{"line":16,"column":69},"end":{"line":25,"column":null}}},"1":{"name":"(anonymous_5)","decl":{"start":{"line":20,"column":37},"end":{"line":20,"column":47}},"loc":{"start":{"line":20,"column":47},"end":{"line":20,"column":89}}},"2":{"name":"(anonymous_6)","decl":{"start":{"line":20,"column":60},"end":{"line":20,"column":67}},"loc":{"start":{"line":20,"column":67},"end":{"line":20,"column":89}}}},"branchMap":{"0":{"loc":{"start":{"line":18,"column":17},"end":{"line":18,"column":null}},"type":"binary-expr","locations":[{"start":{"line":18,"column":17},"end":{"line":18,"column":30}},{"start":{"line":18,"column":30},"end":{"line":18,"column":null}}]}},"s":{"0":15,"1":0,"2":22,"3":22,"4":22,"5":22,"6":22,"7":22,"8":22,"9":15,"10":15,"11":15,"12":15,"13":3037,"14":3073,"15":15,"16":22},"f":{"0":15,"1":3037,"2":3073},"b":{"0":[15,1]}}
,"/Users/Mirek.Rusin/tsql/src/insert-ignore.ts": {"path":"/Users/Mirek.Rusin/tsql/src/insert-ignore.ts","statementMap":{"0":{"start":{"line":60,"column":0},"end":{"line":60,"column":15}},"1":{"start":{"line":28,"column":13},"end":{"line":28,"column":25}},"2":{"start":{"line":13,"column":13},"end":{"line":13,"column":27}},"3":{"start":{"line":17,"column":13},"end":{"line":17,"column":27}},"4":{"start":{"line":1,"column":16},"end":{"line":1,"column":null}},"5":{"start":{"line":2,"column":15},"end":{"line":2,"column":null}},"6":{"start":{"line":3,"column":15},"end":{"line":3,"column":null}},"7":{"start":{"line":4,"column":16},"end":{"line":4,"column":null}},"8":{"start":{"line":5,"column":33},"end":{"line":5,"column":null}},"9":{"start":{"line":6,"column":26},"end":{"line":6,"column":null}},"10":{"start":{"line":7,"column":16},"end":{"line":7,"column":null}},"11":{"start":{"line":8,"column":17},"end":{"line":8,"column":null}},"12":{"start":{"line":14,"column":2},"end":{"line":15,"column":null}},"13":{"start":{"line":15,"column":4},"end":{"line":15,"column":null}},"14":{"start":{"line":18,"column":2},"end":{"line":19,"column":null}},"15":{"start":{"line":19,"column":4},"end":{"line":19,"column":null}},"16":{"start":{"line":29,"column":2},"end":{"line":58,"column":null}},"17":{"start":{"line":39,"column":4},"end":{"line":41,"column":null}},"18":{"start":{"line":40,"column":6},"end":{"line":40,"column":null}},"19":{"start":{"line":43,"column":4},"end":{"line":45,"column":null}},"20":{"start":{"line":44,"column":6},"end":{"line":44,"column":null}},"21":{"start":{"line":47,"column":23},"end":{"line":47,"column":null}},"22":{"start":{"line":48,"column":16},"end":{"line":48,"column":null}},"23":{"start":{"line":48,"column":39},"end":{"line":48,"column":null}},"24":{"start":{"line":49,"column":19},"end":{"line":49,"column":null}},"25":{"start":{"line":49,"column":42},"end":{"line":49,"column":null}},"26":{"start":{"line":51,"column":4},"end":{"line":57,"column":null}},"27":{"start":{"line":60,"column":15},"end":{"line":60,"column":27}}},"fnMap":{"0":{"name":"(anonymous_6)","decl":{"start":{"line":14,"column":2},"end":{"line":14,"column":3}},"loc":{"start":{"line":15,"column":4},"end":{"line":15,"column":null}}},"1":{"name":"(anonymous_7)","decl":{"start":{"line":18,"column":2},"end":{"line":18,"column":3}},"loc":{"start":{"line":19,"column":4},"end":{"line":19,"column":null}}},"2":{"name":"(anonymous_8)","decl":{"start":{"line":29,"column":2},"end":{"line":29,"column":null}},"loc":{"start":{"line":36,"column":10},"end":{"line":58,"column":null}}},"3":{"name":"(anonymous_9)","decl":{"start":{"line":48,"column":34},"end":{"line":48,"column":39}},"loc":{"start":{"line":48,"column":39},"end":{"line":48,"column":null}}},"4":{"name":"(anonymous_10)","decl":{"start":{"line":49,"column":37},"end":{"line":49,"column":42}},"loc":{"start":{"line":49,"column":42},"end":{"line":49,"column":null}}}},"branchMap":{"0":{"loc":{"start":{"line":34,"column":4},"end":{"line":36,"column":10}},"type":"default-arg","locations":[{"start":{"line":36,"column":8},"end":{"line":36,"column":10}}]},"1":{"loc":{"start":{"line":34,"column":6},"end":{"line":34,"column":null}},"type":"default-arg","locations":[{"start":{"line":34,"column":14},"end":{"line":34,"column":null}}]},"2":{"loc":{"start":{"line":39,"column":4},"end":{"line":41,"column":null}},"type":"if","locations":[{"start":{"line":39,"column":4},"end":{"line":41,"column":null}}]},"3":{"loc":{"start":{"line":43,"column":4},"end":{"line":45,"column":null}},"type":"if","locations":[{"start":{"line":43,"column":4},"end":{"line":45,"column":null}}]},"4":{"loc":{"start":{"line":47,"column":23},"end":{"line":47,"column":null}},"type":"binary-expr","locations":[{"start":{"line":47,"column":23},"end":{"line":47,"column":42}},{"start":{"line":47,"column":42},"end":{"line":47,"column":null}}]}},"s":{"0":10,"1":0,"2":0,"3":0,"4":22,"5":22,"6":22,"7":22,"8":22,"9":22,"10":22,"11":22,"12":22,"13":10,"14":22,"15":20,"16":22,"17":10,"18":0,"19":10,"20":0,"21":10,"22":10,"23":10,"24":10,"25":10,"26":10,"27":22},"f":{"0":10,"1":20,"2":10,"3":10,"4":10},"b":{"0":[0],"1":[2],"2":[0],"3":[0],"4":[10,10]}}
,"/Users/Mirek.Rusin/tsql/src/insert-not-matched.ts": {"path":"/Users/Mirek.Rusin/tsql/src/insert-not-matched.ts","statementMap":{"0":{"start":{"line":63,"column":0},"end":{"line":63,"column":15}},"1":{"start":{"line":30,"column":13},"end":{"line":30,"column":29}},"2":{"start":{"line":13,"column":13},"end":{"line":13,"column":27}},"3":{"start":{"line":17,"column":13},"end":{"line":17,"column":27}},"4":{"start":{"line":1,"column":16},"end":{"line":1,"column":null}},"5":{"start":{"line":2,"column":15},"end":{"line":2,"column":null}},"6":{"start":{"line":3,"column":15},"end":{"line":3,"column":null}},"7":{"start":{"line":4,"column":33},"end":{"line":4,"column":null}},"8":{"start":{"line":5,"column":26},"end":{"line":5,"column":null}},"9":{"start":{"line":6,"column":35},"end":{"line":6,"column":null}},"10":{"start":{"line":7,"column":16},"end":{"line":7,"column":null}},"11":{"start":{"line":8,"column":17},"end":{"line":8,"column":null}},"12":{"start":{"line":14,"column":2},"end":{"line":15,"column":null}},"13":{"start":{"line":15,"column":4},"end":{"line":15,"column":null}},"14":{"start":{"line":18,"column":2},"end":{"line":19,"column":null}},"15":{"start":{"line":19,"column":4},"end":{"line":19,"column":null}},"16":{"start":{"line":31,"column":2},"end":{"line":61,"column":null}},"17":{"start":{"line":41,"column":4},"end":{"line":43,"column":null}},"18":{"start":{"line":42,"column":6},"end":{"line":42,"column":null}},"19":{"start":{"line":45,"column":4},"end":{"line":47,"column":null}},"20":{"start":{"line":46,"column":6},"end":{"line":46,"column":null}},"21":{"start":{"line":49,"column":19},"end":{"line":49,"column":null}},"22":{"start":{"line":50,"column":23},"end":{"line":50,"column":null}},"23":{"start":{"line":51,"column":16},"end":{"line":51,"column":null}},"24":{"start":{"line":51,"column":39},"end":{"line":51,"column":null}},"25":{"start":{"line":53,"column":4},"end":{"line":60,"column":null}},"26":{"start":{"line":63,"column":15},"end":{"line":63,"column":31}}},"fnMap":{"0":{"name":"(anonymous_6)","decl":{"start":{"line":14,"column":2},"end":{"line":14,"column":3}},"loc":{"start":{"line":15,"column":4},"end":{"line":15,"column":null}}},"1":{"name":"(anonymous_7)","decl":{"start":{"line":18,"column":2},"end":{"line":18,"column":3}},"loc":{"start":{"line":19,"column":4},"end":{"line":19,"column":null}}},"2":{"name":"(anonymous_8)","decl":{"start":{"line":31,"column":2},"end":{"line":31,"column":null}},"loc":{"start":{"line":38,"column":10},"end":{"line":61,"column":null}}},"3":{"name":"(anonymous_9)","decl":{"start":{"line":51,"column":34},"end":{"line":51,"column":39}},"loc":{"start":{"line":51,"column":39},"end":{"line":51,"column":null}}}},"branchMap":{"0":{"loc":{"start":{"line":36,"column":4},"end":{"line":38,"column":10}},"type":"default-arg","locations":[{"start":{"line":38,"column":8},"end":{"line":38,"column":10}}]},"1":{"loc":{"start":{"line":36,"column":6},"end":{"line":36,"column":null}},"type":"default-arg","locations":[{"start":{"line":36,"column":14},"end":{"line":36,"column":null}}]},"2":{"loc":{"start":{"line":41,"column":4},"end":{"line":43,"column":null}},"type":"if","locations":[{"start":{"line":41,"column":4},"end":{"line":43,"column":null}}]},"3":{"loc":{"start":{"line":45,"column":4},"end":{"line":47,"column":null}},"type":"if","locations":[{"start":{"line":45,"column":4},"end":{"line":47,"column":null}}]},"4":{"loc":{"start":{"line":50,"column":23},"end":{"line":50,"column":null}},"type":"binary-expr","locations":[{"start":{"line":50,"column":23},"end":{"line":50,"column":42}},{"start":{"line":50,"column":42},"end":{"line":50,"column":null}}]}},"s":{"0":0,"1":0,"2":0,"3":0,"4":22,"5":22,"6":22,"7":22,"8":22,"9":22,"10":22,"11":22,"12":22,"13":0,"14":22,"15":0,"16":22,"17":0,"18":0,"19":0,"20":0,"21":0,"22":0,"23":0,"24":0,"25":0,"26":22},"f":{"0":0,"1":0,"2":0,"3":0},"b":{"0":[0],"1":[0],"2":[0],"3":[0],"4":[0,0]}}
,"/Users/Mirek.Rusin/tsql/src/insert-object.ts": {"path":"/Users/Mirek.Rusin/tsql/src/insert-object.ts","statementMap":{"0":{"start":{"line":31,"column":0},"end":{"line":31,"column":15}},"1":{"start":{"line":16,"column":13},"end":{"line":16,"column":25}},"2":{"start":{"line":1,"column":17},"end":{"line":1,"column":null}},"3":{"start":{"line":2,"column":20},"end":{"line":2,"column":null}},"4":{"start":{"line":3,"column":15},"end":{"line":3,"column":null}},"5":{"start":{"line":4,"column":17},"end":{"line":4,"column":null}},"6":{"start":{"line":5,"column":17},"end":{"line":5,"column":null}},"7":{"start":{"line":17,"column":2},"end":{"line":29,"column":null}},"8":{"start":{"line":18,"column":20},"end":{"line":18,"column":null}},"9":{"start":{"line":19,"column":17},"end":{"line":19,"column":null}},"10":{"start":{"line":20,"column":4},"end":{"line":22,"column":null}},"11":{"start":{"line":21,"column":6},"end":{"line":21,"column":null}},"12":{"start":{"line":23,"column":19},"end":{"line":23,"column":null}},"13":{"start":{"line":24,"column":18},"end":{"line":24,"column":null}},"14":{"start":{"line":25,"column":20},"end":{"line":25,"column":null}},"15":{"start":{"line":25,"column":39},"end":{"line":25,"column":49}},"16":{"start":{"line":26,"column":4},"end":{"line":28,"column":null}},"17":{"start":{"line":31,"column":15},"end":{"line":31,"column":27}}},"fnMap":{"0":{"name":"(anonymous_4)","decl":{"start":{"line":17,"column":2},"end":{"line":17,"column":3}},"loc":{"start":{"line":17,"column":57},"end":{"line":29,"column":null}}},"1":{"name":"(anonymous_5)","decl":{"start":{"line":25,"column":34},"end":{"line":25,"column":39}},"loc":{"start":{"line":25,"column":39},"end":{"line":25,"column":49}}}},"branchMap":{"0":{"loc":{"start":{"line":20,"column":4},"end":{"line":22,"column":null}},"type":"if","locations":[{"start":{"line":20,"column":4},"end":{"line":22,"column":null}}]},"1":{"loc":{"start":{"line":26,"column":11},"end":{"line":28,"column":64}},"type":"cond-expr","locations":[{"start":{"line":27,"column":6},"end":{"line":27,"column":81}},{"start":{"line":28,"column":6},"end":{"line":28,"column":64}}]}},"s":{"0":10,"1":0,"2":22,"3":22,"4":22,"5":22,"6":22,"7":22,"8":10,"9":10,"10":10,"11":0,"12":10,"13":10,"14":10,"15":23,"16":10,"17":22},"f":{"0":10,"1":23},"b":{"0":[0],"1":[0,10]}}
,"/Users/Mirek.Rusin/tsql/src/insert-objects.ts": {"path":"/Users/Mirek.Rusin/tsql/src/insert-objects.ts","statementMap":{"0":{"start":{"line":52,"column":0},"end":{"line":52,"column":15}},"1":{"start":{"line":18,"column":13},"end":{"line":18,"column":26}},"2":{"start":{"line":1,"column":17},"end":{"line":1,"column":null}},"3":{"start":{"line":2,"column":15},"end":{"line":2,"column":null}},"4":{"start":{"line":3,"column":33},"end":{"line":3,"column":null}},"5":{"start":{"line":4,"column":26},"end":{"line":4,"column":null}},"6":{"start":{"line":5,"column":17},"end":{"line":5,"column":null}},"7":{"start":{"line":6,"column":16},"end":{"line":6,"column":null}},"8":{"start":{"line":7,"column":17},"end":{"line":7,"column":null}},"9":{"start":{"line":19,"column":2},"end":{"line":50,"column":null}},"10":{"start":{"line":25,"column":4},"end":{"line":27,"column":null}},"11":{"start":{"line":26,"column":6},"end":{"line":26,"column":null}},"12":{"start":{"line":29,"column":4},"end":{"line":31,"column":null}},"13":{"start":{"line":30,"column":6},"end":{"line":30,"column":null}},"14":{"start":{"line":33,"column":19},"end":{"line":33,"column":null}},"15":{"start":{"line":34,"column":17},"end":{"line":34,"column":null}},"16":{"start":{"line":35,"column":18},"end":{"line":35,"column":null}},"17":{"start":{"line":37,"column":4},"end":{"line":43,"column":null}},"18":{"start":{"line":38,"column":6},"end":{"line":42,"column":null}},"19":{"start":{"line":45,"column":20},"end":{"line":45,"column":null}},"20":{"start":{"line":45,"column":47},"end":{"line":45,"column":null}},"21":{"start":{"line":45,"column":67},"end":{"line":45,"column":null}},"22":{"start":{"line":46,"column":4},"end":{"line":49,"column":null}},"23":{"start":{"line":52,"column":15},"end":{"line":52,"column":28}}},"fnMap":{"0":{"name":"(anonymous_4)","decl":{"start":{"line":19,"column":2},"end":{"line":19,"column":null}},"loc":{"start":{"line":22,"column":4},"end":{"line":50,"column":null}}},"1":{"name":"(anonymous_5)","decl":{"start":{"line":45,"column":37},"end":{"line":45,"column":47}},"loc":{"start":{"line":45,"column":47},"end":{"line":45,"column":null}}},"2":{"name":"(anonymous_6)","decl":{"start":{"line":45,"column":60},"end":{"line":45,"column":67}},"loc":{"start":{"line":45,"column":67},"end":{"line":45,"column":null}}}},"branchMap":{"0":{"loc":{"start":{"line":25,"column":4},"end":{"line":27,"column":null}},"type":"if","locations":[{"start":{"line":25,"column":4},"end":{"line":27,"column":null}}]},"1":{"loc":{"start":{"line":29,"column":4},"end":{"line":31,"column":null}},"type":"if","locations":[{"start":{"line":29,"column":4},"end":{"line":31,"column":null}}]},"2":{"loc":{"start":{"line":34,"column":17},"end":{"line":34,"column":null}},"type":"binary-expr","locations":[{"start":{"line":34,"column":17},"end":{"line":34,"column":30}},{"start":{"line":34,"column":30},"end":{"line":34,"column":null}}]},"3":{"loc":{"start":{"line":37,"column":4},"end":{"line":43,"column":null}},"type":"if","locations":[{"start":{"line":37,"column":4},"end":{"line":43,"column":null}}]}},"s":{"0":7,"1":0,"2":22,"3":22,"4":22,"5":22,"6":22,"7":22,"8":22,"9":22,"10":7,"11":0,"12":7,"13":1,"14":6,"15":6,"16":6,"17":6,"18":2,"19":4,"20":1104,"21":1107,"22":4,"23":22},"f":{"0":7,"1":1104,"2":1107},"b":{"0":[0],"1":[1],"2":[6,6],"3":[2]}}
,"/Users/Mirek.Rusin/tsql/src/interpolate.ts": {"path":"/Users/Mirek.Rusin/tsql/src/interpolate.ts","statementMap":{"0":{"start":{"line":64,"column":0},"end":{"line":64,"column":15}},"1":{"start":{"line":38,"column":13},"end":{"line":38,"column":24}},"2":{"start":{"line":2,"column":23},"end":{"line":2,"column":null}},"3":{"start":{"line":12,"column":16},"end":{"line":12,"column":null}},"4":{"start":{"line":15,"column":20},"end":{"line":15,"column":null}},"5":{"start":{"line":18,"column":12},"end":{"line":18,"column":null}},"6":{"start":{"line":19,"column":2},"end":{"line":21,"column":null}},"7":{"start":{"line":20,"column":4},"end":{"line":20,"column":null}},"8":{"start":{"line":24,"column":17},"end":{"line":24,"column":null}},"9":{"start":{"line":27,"column":17},"end":{"line":27,"column":37}},"10":{"start":{"line":30,"column":2},"end":{"line":30,"column":null}},"11":{"start":{"line":31,"column":2},"end":{"line":31,"column":null}},"12":{"start":{"line":39,"column":2},"end":{"line":62,"column":null}},"13":{"start":{"line":40,"column":4},"end":{"line":42,"column":null}},"14":{"start":{"line":41,"column":6},"end":{"line":41,"column":null}},"15":{"start":{"line":43,"column":4},"end":{"line":45,"column":null}},"16":{"start":{"line":44,"column":6},"end":{"line":44,"column":null}},"17":{"start":{"line":46,"column":4},"end":{"line":48,"column":null}},"18":{"start":{"line":47,"column":6},"end":{"line":47,"column":null}},"19":{"start":{"line":49,"column":19},"end":{"line":49,"column":null}},"20":{"start":{"line":50,"column":25},"end":{"line":50,"column":27}},"21":{"start":{"line":52,"column":6},"end":{"line":55,"column":null}},"22":{"start":{"line":53,"column":8},"end":{"line":53,"column":null}},"23":{"start":{"line":54,"column":8},"end":{"line":54,"column":null}},"24":{"start":{"line":56,"column":4},"end":{"line":56,"column":null}},"25":{"start":{"line":57,"column":4},"end":{"line":60,"column":null}},"26":{"start":{"line":57,"column":17},"end":{"line":57,"column":20}},"27":{"start":{"line":58,"column":6},"end":{"line":58,"column":null}},"28":{"start":{"line":59,"column":6},"end":{"line":59,"column":null}},"29":{"start":{"line":61,"column":4},"end":{"line":61,"column":null}},"30":{"start":{"line":64,"column":15},"end":{"line":64,"column":26}}},"fnMap":{"0":{"name":"updateMargin","decl":{"start":{"line":9,"column":9},"end":{"line":9,"column":22}},"loc":{"start":{"line":9,"column":58},"end":{"line":32,"column":null}}},"1":{"name":"(anonymous_5)","decl":{"start":{"line":39,"column":2},"end":{"line":39,"column":3}},"loc":{"start":{"line":39,"column":29},"end":{"line":62,"column":null}}},"2":{"name":"(anonymous_6)","decl":{"start":{"line":52,"column":6},"end":{"line":52,"column":7}},"loc":{"start":{"line":52,"column":7},"end":{"line":55,"column":null}}}},"branchMap":{"0":{"loc":{"start":{"line":19,"column":9},"end":{"line":19,"column":51}},"type":"binary-expr","locations":[{"start":{"line":19,"column":9},"end":{"line":19,"column":27}},{"start":{"line":19,"column":31},"end":{"line":19,"column":51}}]},"1":{"loc":{"start":{"line":30,"column":25},"end":{"line":30,"column":null}},"type":"cond-expr","locations":[{"start":{"line":30,"column":37},"end":{"line":30,"column":46}},{"start":{"line":30,"column":46},"end":{"line":30,"column":null}}]},"2":{"loc":{"start":{"line":30,"column":70},"end":{"line":30,"column":null}},"type":"cond-expr","locations":[{"start":{"line":30,"column":91},"end":{"line":30,"column":100}},{"start":{"line":30,"column":100},"end":{"line":30,"column":null}}]},"3":{"loc":{"start":{"line":31,"column":23},"end":{"line":31,"column":null}},"type":"binary-expr","locations":[{"start":{"line":31,"column":24},"end":{"line":31,"column":42}},{"start":{"line":31,"column":46},"end":{"line":31,"column":54}},{"start":{"line":31,"column":60},"end":{"line":31,"column":null}}]},"4":{"loc":{"start":{"line":40,"column":4},"end":{"line":42,"column":null}},"type":"if","locations":[{"start":{"line":40,"column":4},"end":{"line":42,"column":null}}]},"5":{"loc":{"start":{"line":40,"column":8},"end":{"line":40,"column":50}},"type":"binary-expr","locations":[{"start":{"line":40,"column":8},"end":{"line":40,"column":30}},{"start":{"line":40,"column":30},"end":{"line":40,"column":50}}]},"6":{"loc":{"start":{"line":43,"column":4},"end":{"line":45,"column":null}},"type":"if","locations":[{"start":{"line":43,"column":4},"end":{"line":45,"column":null}}]},"7":{"loc":{"start":{"line":43,"column":8},"end":{"line":43,"column":48}},"type":"binary-expr","locations":[{"start":{"line":43,"column":8},"end":{"line":43,"column":30}},{"start":{"line":43,"column":30},"end":{"line":43,"column":48}}]},"8":{"loc":{"start":{"line":46,"column":4},"end":{"line":48,"column":null}},"type":"if","locations":[{"start":{"line":46,"column":4},"end":{"line":48,"column":null}}]}},"s":{"0":406,"1":0,"2":22,"3":1816,"4":1816,"5":1816,"6":1816,"7":2025,"8":1816,"9":1816,"10":1816,"11":1816,"12":22,"13":406,"14":0,"15":406,"16":0,"17":406,"18":0,"19":406,"20":406,"21":406,"22":1816,"23":1816,"24":406,"25":406,"26":406,"27":705,"28":705,"29":406,"30":22},"f":{"0":1816,"1":406,"2":1816},"b":{"0":[3841,3316],"1":[273,1543],"2":[494,1049],"3":[1816,1229,767],"4":[0],"5":[406,406],"6":[0],"7":[406,0],"8":[0]}}
,"/Users/Mirek.Rusin/tsql/src/interpolate1.ts": {"path":"/Users/Mirek.Rusin/tsql/src/interpolate1.ts","statementMap":{"0":{"start":{"line":18,"column":0},"end":{"line":18,"column":15}},"1":{"start":{"line":2,"column":13},"end":{"line":2,"column":25}},"2":{"start":{"line":3,"column":2},"end":{"line":16,"column":null}},"3":{"start":{"line":4,"column":4},"end":{"line":6,"column":null}},"4":{"start":{"line":5,"column":6},"end":{"line":5,"column":null}},"5":{"start":{"line":7,"column":4},"end":{"line":9,"column":null}},"6":{"start":{"line":8,"column":6},"end":{"line":8,"column":null}},"7":{"start":{"line":10,"column":26},"end":{"line":10,"column":null}},"8":{"start":{"line":11,"column":4},"end":{"line":14,"column":null}},"9":{"start":{"line":11,"column":17},"end":{"line":11,"column":20}},"10":{"start":{"line":12,"column":6},"end":{"line":12,"column":null}},"11":{"start":{"line":13,"column":6},"end":{"line":13,"column":null}},"12":{"start":{"line":15,"column":4},"end":{"line":15,"column":null}},"13":{"start":{"line":18,"column":15},"end":{"line":18,"column":27}}},"fnMap":{"0":{"name":"(anonymous_3)","decl":{"start":{"line":3,"column":2},"end":{"line":3,"column":9}},"loc":{"start":{"line":3,"column":18},"end":{"line":16,"column":null}}}},"branchMap":{"0":{"loc":{"start":{"line":4,"column":4},"end":{"line":6,"column":null}},"type":"if","locations":[{"start":{"line":4,"column":4},"end":{"line":6,"column":null}}]},"1":{"loc":{"start":{"line":7,"column":4},"end":{"line":9,"column":null}},"type":"if","locations":[{"start":{"line":7,"column":4},"end":{"line":9,"column":null}}]}},"s":{"0":78,"1":0,"2":22,"3":78,"4":0,"5":78,"6":0,"7":78,"8":78,"9":78,"10":27,"11":27,"12":78,"13":22},"f":{"0":78},"b":{"0":[0],"1":[0]}}
,"/Users/Mirek.Rusin/tsql/src/is-defined.ts": {"path":"/Users/Mirek.Rusin/tsql/src/is-defined.ts","statementMap":{"0":{"start":{"line":9,"column":16},"end":{"line":9,"column":29}},"1":{"start":{"line":1,"column":25},"end":{"line":1,"column":null}},"2":{"start":{"line":10,"column":2},"end":{"line":12,"column":null}},"3":{"start":{"line":11,"column":4},"end":{"line":11,"column":null}},"4":{"start":{"line":13,"column":2},"end":{"line":17,"column":null}},"5":{"start":{"line":14,"column":4},"end":{"line":16,"column":null}},"6":{"start":{"line":16,"column":17},"end":{"line":16,"column":null}},"7":{"start":{"line":18,"column":2},"end":{"line":18,"column":null}}},"fnMap":{"0":{"name":"isDefined","decl":{"start":{"line":9,"column":16},"end":{"line":9,"column":29}},"loc":{"start":{"line":9,"column":37},"end":{"line":19,"column":null}}},"1":{"name":"(anonymous_2)","decl":{"start":{"line":16,"column":12},"end":{"line":16,"column":17}},"loc":{"start":{"line":16,"column":17},"end":{"line":16,"column":null}}}},"branchMap":{"0":{"loc":{"start":{"line":10,"column":2},"end":{"line":12,"column":null}},"type":"if","locations":[{"start":{"line":10,"column":2},"end":{"line":12,"column":null}}]},"1":{"loc":{"start":{"line":13,"column":2},"end":{"line":17,"column":null}},"type":"if","locations":[{"start":{"line":13,"column":2},"end":{"line":17,"column":null}}]}},"s":{"0":90,"1":22,"2":127,"3":13,"4":114,"5":114,"6":114,"7":0},"f":{"0":127,"1":114},"b":{"0":[13],"1":[114]}}
,"/Users/Mirek.Rusin/tsql/src/is-null.ts": {"path":"/Users/Mirek.Rusin/tsql/src/is-null.ts","statementMap":{"0":{"start":{"line":9,"column":0},"end":{"line":9,"column":15}},"1":{"start":{"line":4,"column":13},"end":{"line":4,"column":19}},"2":{"start":{"line":1,"column":22},"end":{"line":1,"column":null}},"3":{"start":{"line":5,"column":2},"end":{"line":7,"column":null}},"4":{"start":{"line":6,"column":4},"end":{"line":7,"column":null}},"5":{"start":{"line":9,"column":15},"end":{"line":9,"column":21}}},"fnMap":{"0":{"name":"(anonymous_4)","decl":{"start":{"line":5,"column":2},"end":{"line":5,"column":3}},"loc":{"start":{"line":6,"column":4},"end":{"line":7,"column":null}}}},"branchMap":{"0":{"loc":{"start":{"line":6,"column":4},"end":{"line":7,"column":null}},"type":"binary-expr","locations":[{"start":{"line":6,"column":4},"end":{"line":6,"column":null}},{"start":{"line":7,"column":5},"end":{"line":7,"column":31}},{"start":{"line":7,"column":35},"end":{"line":7,"column":null}}]}},"s":{"0":69,"1":0,"2":22,"3":22,"4":69,"5":22},"f":{"0":69},"b":{"0":[69,53,15]}}
,"/Users/Mirek.Rusin/tsql/src/is-object.ts": {"path":"/Users/Mirek.Rusin/tsql/src/is-object.ts","statementMap":{"0":{"start":{"line":1,"column":16},"end":{"line":1,"column":25}},"1":{"start":{"line":2,"column":2},"end":{"line":5,"column":null}}},"fnMap":{"0":{"name":"isObject","decl":{"start":{"line":1,"column":16},"end":{"line":1,"column":25}},"loc":{"start":{"line":1,"column":39},"end":{"line":7,"column":null}}}},"branchMap":{"0":{"loc":{"start":{"line":3,"column":4},"end":{"line":5,"column":null}},"type":"binary-expr","locations":[{"start":{"line":3,"column":4},"end":{"line":3,"column":null}},{"start":{"line":4,"column":4},"end":{"line":4,"column":null}},{"start":{"line":5,"column":4},"end":{"line":5,"column":null}}]}},"s":{"0":263,"1":263},"f":{"0":263},"b":{"0":[263,239,236]}}
[...]
e":85,"column":null}},"43":{"start":{"line":84,"column":4},"end":{"line":84,"column":null}},"44":{"start":{"line":86,"column":15},"end":{"line":86,"column":null}},"45":{"start":{"line":87,"column":2},"end":{"line":118,"column":null}},"46":{"start":{"line":88,"column":19},"end":{"line":88,"column":59}},"47":{"start":{"line":89,"column":4},"end":{"line":117,"column":null}},"48":{"start":{"line":92,"column":8},"end":{"line":94,"column":null}},"49":{"start":{"line":93,"column":10},"end":{"line":93,"column":null}},"50":{"start":{"line":95,"column":8},"end":{"line":97,"column":null}},"51":{"start":{"line":96,"column":10},"end":{"line":96,"column":null}},"52":{"start":{"line":98,"column":8},"end":{"line":98,"column":null}},"53":{"start":{"line":102,"column":8},"end":{"line":104,"column":null}},"54":{"start":{"line":103,"column":10},"end":{"line":103,"column":null}},"55":{"start":{"line":105,"column":8},"end":{"line":107,"column":null}},"56":{"start":{"line":106,"column":10},"end":{"line":106,"column":null}},"57":{"start":{"line":108,"column":8},"end":{"line":108,"column":null}},"58":{"start":{"line":110,"column":8},"end":{"line":116,"column":null}},"59":{"start":{"line":119,"column":2},"end":{"line":119,"column":null}},"60":{"start":{"line":123,"column":2},"end":{"line":125,"column":null}},"61":{"start":{"line":124,"column":4},"end":{"line":124,"column":null}},"62":{"start":{"line":126,"column":14},"end":{"line":126,"column":null}},"63":{"start":{"line":127,"column":2},"end":{"line":138,"column":null}},"64":{"start":{"line":128,"column":19},"end":{"line":128,"column":58}},"65":{"start":{"line":129,"column":4},"end":{"line":134,"column":null}},"66":{"start":{"line":130,"column":6},"end":{"line":132,"column":null}},"67":{"start":{"line":131,"column":8},"end":{"line":131,"column":null}},"68":{"start":{"line":133,"column":6},"end":{"line":133,"column":null}},"69":{"start":{"line":135,"column":4},"end":{"line":137,"column":null}},"70":{"start":{"line":136,"column":6},"end":{"line":136,"column":null}},"71":{"start":{"line":139,"column":2},"end":{"line":142,"column":null}},"72":{"start":{"line":140,"column":20},"end":{"line":140,"column":null}},"73":{"start":{"line":140,"column":51},"end":{"line":140,"column":null}},"74":{"start":{"line":141,"column":4},"end":{"line":141,"column":null}},"75":{"start":{"line":143,"column":2},"end":{"line":143,"column":null}},"76":{"start":{"line":152,"column":2},"end":{"line":152,"column":null}},"77":{"start":{"line":165,"column":14},"end":{"line":165,"column":null}},"78":{"start":{"line":166,"column":2},"end":{"line":168,"column":null}},"79":{"start":{"line":167,"column":4},"end":{"line":167,"column":null}},"80":{"start":{"line":169,"column":2},"end":{"line":169,"column":null}},"81":{"start":{"line":180,"column":14},"end":{"line":180,"column":null}},"82":{"start":{"line":181,"column":2},"end":{"line":183,"column":null}},"83":{"start":{"line":182,"column":4},"end":{"line":182,"column":null}},"84":{"start":{"line":184,"column":2},"end":{"line":184,"column":null}},"85":{"start":{"line":188,"column":2},"end":{"line":190,"column":null}},"86":{"start":{"line":193,"column":15},"end":{"line":193,"column":20}}},"fnMap":{"0":{"name":"single","decl":{"start":{"line":67,"column":9},"end":{"line":67,"column":16}},"loc":{"start":{"line":67,"column":30},"end":{"line":80,"column":null}}},"1":{"name":"visitEntry","decl":{"start":{"line":82,"column":9},"end":{"line":82,"column":20}},"loc":{"start":{"line":82,"column":47},"end":{"line":120,"column":null}}},"2":{"name":"visit","decl":{"start":{"line":122,"column":16},"end":{"line":122,"column":21}},"loc":{"start":{"line":122,"column":36},"end":{"line":144,"column":null}}},"3":{"name":"(anonymous_11)","decl":{"start":{"line":140,"column":46},"end":{"line":140,"column":51}},"loc":{"start":{"line":140,"column":51},"end":{"line":140,"column":null}}},"4":{"name":"where","decl":{"start":{"line":151,"column":16},"end":{"line":151,"column":21}},"loc":{"start":{"line":151,"column":34},"end":{"line":153,"column":null}}},"5":{"name":"and","decl":{"start":{"line":164,"column":16},"end":{"line":164,"column":19}},"loc":{"start":{"line":164,"column":48},"end":{"line":170,"column":null}}},"6":{"name":"or","decl":{"start":{"line":179,"column":16},"end":{"line":179,"column":18}},"loc":{"start":{"line":179,"column":47},"end":{"line":185,"column":null}}},"7":{"name":"not","decl":{"start":{"line":187,"column":16},"end":{"line":187,"column":19}},"loc":{"start":{"line":187,"column":42},"end":{"line":191,"column":null}}}},"branchMap":{"0":{"loc":{"start":{"line":68,"column":2},"end":{"line":70,"column":null}},"type":"if","locations":[{"start":{"line":68,"column":2},"end":{"line":70,"column":null}}]},"1":{"loc":{"start":{"line":73,"column":4},"end":{"line":76,"column":null}},"type":"if","locations":[{"start":{"line":73,"column":4},"end":{"line":76,"column":null}}]},"2":{"loc":{"start":{"line":83,"column":2},"end":{"line":85,"column":null}},"type":"if","locations":[{"start":{"line":83,"column":2},"end":{"line":85,"column":null}}]},"3":{"loc":{"start":{"line":87,"column":2},"end":{"line":118,"column":null}},"type":"if","locations":[{"start":{"line":87,"column":2},"end":{"line":118,"column":null}}]},"4":{"loc":{"start":{"line":87,"column":6},"end":{"line":87,"column":30}},"type":"binary-expr","locations":[{"start":{"line":87,"column":6},"end":{"line":87,"column":14}},{"start":{"line":87,"column":14},"end":{"line":87,"column":30}}]},"5":{"loc":{"start":{"line":89,"column":4},"end":{"line":117,"column":null}},"type":"switch","locations":[{"start":{"line":90,"column":6},"end":{"line":90,"column":null}},{"start":{"line":91,"column":6},"end":{"line":98,"column":null}},{"start":{"line":99,"column":6},"end":{"line":99,"column":null}},{"start":{"line":100,"column":6},"end":{"line":100,"column":null}},{"start":{"line":101,"column":6},"end":{"line":108,"column":null}},{"start":{"line":109,"column":6},"end":{"line":116,"column":null}}]},"6":{"loc":{"start":{"line":92,"column":8},"end":{"line":94,"column":null}},"type":"if","locations":[{"start":{"line":92,"column":8},"end":{"line":94,"column":null}}]},"7":{"loc":{"start":{"line":95,"column":8},"end":{"line":97,"column":null}},"type":"if","locations":[{"start":{"line":95,"column":8},"end":{"line":97,"column":null}}]},"8":{"loc":{"start":{"line":95,"column":12},"end":{"line":95,"column":57}},"type":"binary-expr","locations":[{"start":{"line":95,"column":12},"end":{"line":95,"column":38}},{"start":{"line":95,"column":38},"end":{"line":95,"column":57}}]},"9":{"loc":{"start":{"line":102,"column":8},"end":{"line":104,"column":null}},"type":"if","locations":[{"start":{"line":102,"column":8},"end":{"line":104,"column":null}}]},"10":{"loc":{"start":{"line":105,"column":8},"end":{"line":107,"column":null}},"type":"if","locations":[{"start":{"line":105,"column":8},"end":{"line":107,"column":null}}]},"11":{"loc":{"start":{"line":123,"column":2},"end":{"line":125,"column":null}},"type":"if","locations":[{"start":{"line":123,"column":2},"end":{"line":125,"column":null}}]},"12":{"loc":{"start":{"line":127,"column":2},"end":{"line":138,"column":null}},"type":"if","locations":[{"start":{"line":127,"column":2},"end":{"line":138,"column":null}}]},"13":{"loc":{"start":{"line":129,"column":4},"end":{"line":134,"column":null}},"type":"if","locations":[{"start":{"line":129,"column":4},"end":{"line":134,"column":null}}]},"14":{"loc":{"start":{"line":129,"column":8},"end":{"line":129,"column":51}},"type":"binary-expr","locations":[{"start":{"line":129,"column":8},"end":{"line":129,"column":28}},{"start":{"line":129,"column":28},"end":{"line":129,"column":51}}]},"15":{"loc":{"start":{"line":130,"column":6},"end":{"line":132,"column":null}},"type":"if","locations":[{"start":{"line":130,"column":6},"end":{"line":132,"column":null}}]},"16":{"loc":{"start":{"line":135,"column":4},"end":{"line":137,"column":null}},"type":"if","locations":[{"start":{"line":135,"column":4},"end":{"line":137,"column":null}}]},"17":{"loc":{"start":{"line":139,"column":2},"end":{"line":142,"column":null}},"type":"if","locations":[{"start":{"line":139,"column":2},"end":{"line":142,"column":null}}]},"18":{"loc":{"start":{"line":166,"column":2},"end":{"line":168,"column":null}},"type":"if","locations":[{"start":{"line":166,"column":2},"end":{"line":168,"column":null}}]},"19":{"loc":{"start":{"line":181,"column":2},"end":{"line":183,"column":null}},"type":"if","locations":[{"start":{"line":181,"column":2},"end":{"line":183,"column":null}}]},"20":{"loc":{"start":{"line":188,"column":9},"end":{"line":190,"column":null}},"type":"cond-expr","locations":[{"start":{"line":189,"column":4},"end":{"line":189,"column":33}},{"start":{"line":190,"column":4},"end":{"line":190,"column":null}}]}},"s":{"0":22,"1":42,"2":22,"3":22,"4":0,"5":0,"6":22,"7":22,"8":22,"9":22,"10":22,"11":22,"12":22,"13":22,"14":22,"15":22,"16":22,"17":22,"18":22,"19":22,"20":22,"21":22,"22":22,"23":22,"24":22,"25":22,"26":22,"27":22,"28":22,"29":22,"30":22,"31":22,"32":22,"33":22,"34":103,"35":27,"36":76,"37":80,"38":74,"39":74,"40":6,"41":70,"42":53,"43":6,"44":47,"45":47,"46":17,"47":17,"48":2,"49":0,"50":2,"51":0,"52":2,"53":2,"54":0,"55":2,"56":0,"57":2,"58":13,"59":30,"60":170,"61":114,"62":56,"63":56,"64":49,"65":49,"66":8,"67":0,"68":8,"69":41,"70":2,"71":46,"72":46,"73":53,"74":46,"75":0,"76":139,"77":79,"78":79,"79":6,"80":73,"81":9,"82":9,"83":4,"84":5,"85":2,"86":22},"f":{"0":103,"1":53,"2":170,"3":53,"4":139,"5":79,"6":9,"7":2},"b":{"0":[27],"1":[74],"2":[6],"3":[17],"4":[47,19],"5":[1,2,1,1,2,13],"6":[0],"7":[0],"8":[2,2],"9":[0],"10":[0],"11":[114],"12":[49],"13":[8],"14":[49,8],"15":[0],"16":[2],"17":[46],"18":[6],"19":[4],"20":[2,0]}}
,"/Users/Mirek.Rusin/tsql/src/test/client.ts": {"path":"/Users/Mirek.Rusin/tsql/src/test/client.ts","statementMap":{"0":{"start":{"line":5,"column":21},"end":{"line":5,"column":null}},"1":{"start":{"line":1,"column":36},"end":{"line":1,"column":null}},"2":{"start":{"line":2,"column":22},"end":{"line":2,"column":null}},"3":{"start":{"line":3,"column":29},"end":{"line":3,"column":null}},"4":{"start":{"line":18,"column":4},"end":{"line":28,"column":null}},"5":{"start":{"line":32,"column":16},"end":{"line":32,"column":null}},"6":{"start":{"line":33,"column":4},"end":{"line":33,"column":null}},"7":{"start":{"line":34,"column":4},"end":{"line":34,"column":null}},"8":{"start":{"line":38,"column":16},"end":{"line":38,"column":null}},"9":{"start":{"line":39,"column":4},"end":{"line":39,"column":null}},"10":{"start":{"line":40,"column":4},"end":{"line":40,"column":null}},"11":{"start":{"line":44,"column":21},"end":{"line":44,"column":null}},"12":{"start":{"line":45,"column":4},"end":{"line":45,"column":null}},"13":{"start":{"line":46,"column":4},"end":{"line":46,"column":null}},"14":{"start":{"line":50,"column":4},"end":{"line":54,"column":null}},"15":{"start":{"line":51,"column":6},"end":{"line":53,"column":null}},"16":{"start":{"line":52,"column":8},"end":{"line":52,"column":null}},"17":{"start":{"line":58,"column":4},"end":{"line":58,"column":null}},"18":{"start":{"line":62,"column":4},"end":{"line":80,"column":null}},"19":{"start":{"line":63,"column":6},"end":{"line":66,"column":null}},"20":{"start":{"line":64,"column":8},"end":{"line":64,"column":null}},"21":{"start":{"line":65,"column":8},"end":{"line":65,"column":null}},"22":{"start":{"line":67,"column":24},"end":{"line":67,"column":null}},"23":{"start":{"line":68,"column":22},"end":{"line":78,"column":null}},"24":{"start":{"line":69,"column":8},"end":{"line":71,"column":null}},"25":{"start":{"line":70,"column":10},"end":{"line":70,"column":null}},"26":{"start":{"line":72,"column":8},"end":{"line":76,"column":null}},"27":{"start":{"line":73,"column":10},"end":{"line":75,"column":null}},"28":{"start":{"line":74,"column":12},"end":{"line":74,"column":null}},"29":{"start":{"line":77,"column":8},"end":{"line":77,"column":null}},"30":{"start":{"line":79,"column":6},"end":{"line":79,"column":null}},"31":{"start":{"line":84,"column":4},"end":{"line":84,"column":null}},"32":{"start":{"line":88,"column":4},"end":{"line":88,"column":null}},"33":{"start":{"line":88,"column":48},"end":{"line":88,"column":54}},"34":{"start":{"line":92,"column":16},"end":{"line":92,"column":null}},"35":{"start":{"line":93,"column":4},"end":{"line":93,"column":null}},"36":{"start":{"line":97,"column":4},"end":{"line":97,"column":null}},"37":{"start":{"line":101,"column":4},"end":{"line":101,"column":null}},"38":{"start":{"line":105,"column":4},"end":{"line":105,"column":null}},"39":{"start":{"line":109,"column":4},"end":{"line":109,"column":null}},"40":{"start":{"line":113,"column":4},"end":{"line":113,"column":null}},"41":{"start":{"line":117,"column":4},"end":{"line":117,"column":null}},"42":{"start":{"line":121,"column":4},"end":{"line":121,"column":null}},"43":{"start":{"line":133,"column":4},"end":{"line":133,"column":null}},"44":{"start":{"line":140,"column":4},"end":{"line":140,"column":null}}},"fnMap":{"0":{"name":"(anonymous_5)","decl":{"start":{"line":9,"column":2},"end":{"line":9,"column":14}},"loc":{"start":{"line":17,"column":10},"end":{"line":29,"column":null}}},"1":{"name":"(anonymous_6)","decl":{"start":{"line":31,"column":2},"end":{"line":31,"column":15}},"loc":{"start":{"line":31,"column":48},"end":{"line":35,"column":null}}},"2":{"name":"(anonymous_7)","decl":{"start":{"line":37,"column":2},"end":{"line":37,"column":15}},"loc":{"start":{"line":37,"column":46},"end":{"line":41,"column":null}}},"3":{"name":"(anonymous_8)","decl":{"start":{"line":43,"column":2},"end":{"line":43,"column":15}},"loc":{"start":{"line":43,"column":24},"end":{"line":47,"column":null}}},"4":{"name":"(anonymous_9)","decl":{"start":{"line":49,"column":2},"end":{"line":49,"column":8}},"loc":{"start":{"line":49,"column":33},"end":{"line":55,"column":null}}},"5":{"name":"(anonymous_10)","decl":{"start":{"line":50,"column":23},"end":{"line":50,"column":24}},"loc":{"start":{"line":50,"column":33},"end":{"line":54,"column":null}}},"6":{"name":"(anonymous_11)","decl":{"start":{"line":51,"column":30},"end":{"line":51,"column":31}},"loc":{"start":{"line":51,"column":31},"end":{"line":53,"column":null}}},"7":{"name":"(anonymous_12)","decl":{"start":{"line":57,"column":2},"end":{"line":57,"column":10}},"loc":{"start":{"line":57,"column":10},"end":{"line":59,"column":null}}},"8":{"name":"(anonymous_13)","decl":{"start":{"line":61,"column":2},"end":{"line":61,"column":8}},"loc":{"start":{"line":61,"column":70},"end":{"line":81,"column":null}}},"9":{"name":"(anonymous_14)","decl":{"start":{"line":62,"column":23},"end":{"line":62,"column":24}},"loc":{"start":{"line":62,"column":33},"end":{"line":80,"column":null}}},"10":{"name":"(anonymous_15)","decl":{"start":{"line":68,"column":45},"end":{"line":68,"column":46}},"loc":{"start":{"line":68,"column":62},"end":{"line":78,"column":null}}},"11":{"name":"(anonymous_16)","decl":{"start":{"line":83,"column":2},"end":{"line":83,"column":8}},"loc":{"start":{"line":83,"column":63},"end":{"line":85,"column":null}}},"12":{"name":"(anonymous_17)","decl":{"start":{"line":87,"column":2},"end":{"line":87,"column":8}},"loc":{"start":{"line":87,"column":62},"end":{"line":89,"column":null}}},"13":{"name":"(anonymous_18)","decl":{"start":{"line":88,"column":43},"end":{"line":88,"column":48}},"loc":{"start":{"line":88,"column":48},"end":{"line":88,"column":54}}},"14":{"name":"(anonymous_19)","decl":{"start":{"line":91,"column":2},"end":{"line":91,"column":8}},"loc":{"start":{"line":91,"column":64},"end":{"line":94,"column":null}}},"15":{"name":"(anonymous_20)","decl":{"start":{"line":96,"column":2},"end":{"line":96,"column":8}},"loc":{"start":{"line":96,"column":78},"end":{"line":98,"column":null}}},"16":{"name":"(anonymous_21)","decl":{"start":{"line":100,"column":2},"end":{"line":100,"column":8}},"loc":{"start":{"line":100,"column":79},"end":{"line":102,"column":null}}},"17":{"name":"(anonymous_22)","decl":{"start":{"line":104,"column":2},"end":{"line":104,"column":8}},"loc":{"start":{"line":104,"column":44},"end":{"line":106,"column":null}}},"18":{"name":"(anonymous_23)","decl":{"start":{"line":108,"column":2},"end":{"line":108,"column":8}},"loc":{"start":{"line":108,"column":71},"end":{"line":110,"column":null}}},"19":{"name":"(anonymous_24)","decl":{"start":{"line":112,"column":2},"end":{"line":112,"column":8}},"loc":{"start":{"line":112,"column":97},"end":{"line":114,"column":null}}},"20":{"name":"(anonymous_25)","decl":{"start":{"line":116,"column":2},"end":{"line":116,"column":8}},"loc":{"start":{"line":116,"column":106},"end":{"line":118,"column":null}}},"21":{"name":"(anonymous_26)","decl":{"start":{"line":120,"column":2},"end":{"line":120,"column":8}},"loc":{"start":{"line":120,"column":93},"end":{"line":122,"column":null}}},"22":{"name":"(anonymous_27)","decl":{"start":{"line":124,"column":2},"end":{"line":124,"column":8}},"loc":{"start":{"line":132,"column":4},"end":{"line":134,"column":null}}},"23":{"name":"(anonymous_28)","decl":{"start":{"line":136,"column":2},"end":{"line":136,"column":8}},"loc":{"start":{"line":139,"column":4},"end":{"line":141,"column":null}}}},"branchMap":{"0":{"loc":{"start":{"line":9,"column":14},"end":{"line":17,"column":8}},"type":"default-arg","locations":[{"start":{"line":17,"column":6},"end":{"line":17,"column":8}}]},"1":{"loc":{"start":{"line":10,"column":4},"end":{"line":10,"column":21}},"type":"default-arg","locations":[{"start":{"line":10,"column":15},"end":{"line":10,"column":21}}]},"2":{"loc":{"start":{"line":11,"column":4},"end":{"line":11,"column":19}},"type":"default-arg","locations":[{"start":{"line":11,"column":15},"end":{"line":11,"column":19}}]},"3":{"loc":{"start":{"line":12,"column":4},"end":{"line":12,"column":38}},"type":"default-arg","locations":[{"start":{"line":12,"column":15},"end":{"line":12,"column":38}}]},"4":{"loc":{"start":{"line":19,"column":14},"end":{"line":19,"column":null}},"type":"binary-expr","locations":[{"start":{"line":19,"column":14},"end":{"line":19,"column":36}},{"start":{"line":19,"column":40},"end":{"line":19,"column":null}}]},"5":{"loc":{"start":{"line":52,"column":8},"end":{"line":52,"column":null}},"type":"cond-expr","locations":[{"start":{"line":52,"column":22},"end":{"line":52,"column":36}},{"start":{"line":52,"column":36},"end":{"line":52,"column":null}}]},"6":{"loc":{"start":{"line":63,"column":6},"end":{"line":66,"column":null}},"type":"if","locations":[{"start":{"line":63,"column":6},"end":{"line":66,"column":null}}]},"7":{"loc":{"start":{"line":69,"column":8},"end":{"line":71,"column":null}},"type":"if","locations":[{"start":{"line":69,"column":8},"end":{"line":71,"column":null}}]},"8":{"loc":{"start":{"line":96,"column":40},"end":{"line":96,"column":76}},"type":"default-arg","locations":[{"start":{"line":96,"column":60},"end":{"line":96,"column":76}}]},"9":{"loc":{"start":{"line":100,"column":41},"end":{"line":100,"column":77}},"type":"default-arg","locations":[{"start":{"line":100,"column":61},"end":{"line":100,"column":77}}]},"10":{"loc":{"start":{"line":129,"column":4},"end":{"line":131,"column":10}},"type":"default-arg","locations":[{"start":{"line":131,"column":8},"end":{"line":131,"column":10}}]},"11":{"loc":{"start":{"line":129,"column":6},"end":{"line":129,"column":null}},"type":"default-arg","locations":[{"start":{"line":129,"column":14},"end":{"line":129,"column":null}}]}},"s":{"0":2,"1":2,"2":2,"3":2,"4":4,"5":2,"6":2,"7":2,"8":0,"9":0,"10":0,"11":2,"12":2,"13":2,"14":4,"15":4,"16":4,"17":4,"18":69,"19":69,"20":0,"21":0,"22":69,"23":69,"24":69,"25":0,"26":69,"27":50,"28":95,"29":69,"30":69,"31":25,"32":11,"33":11,"34":10,"35":10,"36":9,"37":13,"38":2,"39":10,"40":7,"41":7,"42":0,"43":4,"44":1},"f":{"0":4,"1":2,"2":0,"3":2,"4":4,"5":4,"6":4,"7":4,"8":69,"9":69,"10":69,"11":25,"12":11,"13":11,"14":10,"15":9,"16":13,"17":2,"18":10,"19":7,"20":7,"21":0,"22":4,"23":1},"b":{"0":[0],"1":[0],"2":[4],"3":[4],"4":[4,4],"5":[0,4],"6":[0],"7":[0],"8":[6],"9":[13],"10":[4],"11":[4]}}
}
