TN:
SF:src/and.ts
FNF:0
FNH:0
DA:1,22
DA:3,0
DA:5,28
LF:3
LH:2
BRF:0
BRH:0
end_of_record
TN:
SF:src/assign-object.ts
FN:15,assignObject
FNF:1
FNH:1
FNDA:10,assignObject
DA:1,22
DA:2,22
DA:3,22
DA:4,22
DA:5,22
DA:15,0
DA:16,10
DA:17,10
DA:18,10
DA:19,22
DA:20,3
DA:21,3
DA:28,3
DA:30,19
DA:32,10
DA:33,1
DA:38,1
DA:40,10
DA:43,22
LF:19
LH:18
BRDA:19,0,0,3
BRDA:23,1,0,3
BRDA:23,1,1,1
BRF:3
BRH:3
end_of_record
TN:
SF:src/assign.ts
FN:14,assign
FNF:1
FNH:1
FNDA:31,assign
DA:1,22
DA:2,22
DA:3,22
DA:4,22
DA:14,0
DA:15,31
DA:16,9
DA:18,22
DA:19,15
DA:21,7
DA:22,6
DA:24,1
DA:25,1
DA:28,31
LF:14
LH:13
BRDA:15,0,0,9
BRDA:18,1,0,15
BRDA:21,2,0,6
BRF:3
BRH:3
end_of_record
TN:
SF:src/auto.ts
FN:34,(anonymous_4)
FNF:1
FNH:1
FNDA:13442,(anonymous_4)
DA:1,22
DA:2,22
DA:3,22
DA:4,22
DA:5,22
DA:6,22
DA:7,22
DA:8,22
DA:33,0
DA:34,22
DA:35,13442
DA:36,9096
DA:38,4346
DA:39,1
DA:40,75
DA:41,9
DA:42,4246
DA:44,15
DA:45,7
DA:47,8
DA:48,0
DA:50,8
DA:51,0
DA:53,8
DA:56,0
DA:60,8879
LF:26
LH:22
BRDA:35,0,0,9096
BRDA:38,1,0,1
BRDA:38,1,1,75
BRDA:38,1,2,9
BRDA:38,1,3,4246
BRDA:38,1,4,15
BRDA:38,1,5,0
BRDA:41,2,0,6
BRDA:41,2,1,3
BRDA:44,3,0,7
BRDA:47,4,0,0
BRDA:50,5,0,0
BRDA:50,6,0,8
BRDA:50,6,1,8
BRF:14
BRH:11
end_of_record
TN:
SF:src/between.ts
FN:7,(anonymous_4)
FNF:1
FNH:1
FNDA:1,(anonymous_4)
DA:1,22
DA:2,22
DA:3,22
DA:6,0
DA:7,22
DA:8,1
DA:12,22
LF:7
LH:6
BRDA:8,0,0,0
BRDA:8,0,1,1
BRDA:8,1,0,1
BRDA:8,1,1,1
BRF:4
BRH:3
end_of_record
TN:
SF:src/columns.ts
FN:12,(anonymous_4)
FN:19,(anonymous_5)
FNF:2
FNH:0
FNDA:0,(anonymous_4)
FNDA:0,(anonymous_5)
DA:1,22
DA:2,22
DA:3,22
DA:11,0
DA:12,22
DA:13,0
DA:14,0
DA:15,0
DA:16,0
DA:19,0
DA:22,22
LF:11
LH:5
BRDA:12,0,0,0
BRDA:15,1,0,0
BRDA:16,2,0,0
BRDA:16,2,1,0
BRF:4
BRH:0
end_of_record
TN:
SF:src/defined.ts
FN:3,(anonymous_1)
FNF:1
FNH:1
FNDA:10,(anonymous_1)
DA:3,22
DA:4,10
DA:5,10
DA:6,24
DA:9,1
DA:12,10
DA:15,22
LF:7
LH:7
BRDA:6,0,0,1
BRF:1
BRH:1
end_of_record
TN:
SF:src/delete.ts
FN:11,(anonymous_4)
FNF:1
FNH:1
FNDA:13,(anonymous_4)
DA:1,22
DA:2,22
DA:3,22
DA:6,22
DA:7,22
DA:10,0
DA:11,22
DA:12,13
DA:19,22
LF:9
LH:8
BRDA:14,0,0,13
BRDA:14,0,1,0
BRF:2
BRH:1
end_of_record
TN:
SF:src/demargin.ts
FN:5,(anonymous_4)
FN:10,(anonymous_5)
FN:13,(anonymous_6)
FN:29,(anonymous_7)
FNF:4
FNH:4
FNDA:421,(anonymous_4)
FNDA:340,(anonymous_5)
FNDA:683,(anonymous_6)
FNDA:6910,(anonymous_7)
DA:1,22
DA:4,0
DA:5,22
DA:6,421
DA:7,0
DA:9,421
DA:10,421
DA:11,81
DA:13,683
DA:14,66
DA:16,421
DA:17,421
DA:18,6910
DA:19,65027
DA:20,6909
DA:21,6909
DA:25,421
DA:26,0
DA:28,421
DA:29,6910
DA:33,421
LF:21
LH:18
BRDA:6,0,0,0
BRDA:10,1,0,81
BRDA:10,2,0,421
BRDA:10,2,1,421
BRDA:13,3,0,66
BRDA:13,4,0,421
BRDA:13,4,1,421
BRDA:19,5,0,6909
BRDA:25,6,0,0
BRF:9
BRH:7
end_of_record
TN:
SF:src/distinct.ts
FN:14,(anonymous_4)
FNF:1
FNH:0
FNDA:0,(anonymous_4)
DA:1,22
DA:2,22
DA:3,22
DA:13,0
DA:14,22
DA:15,0
DA:16,0
DA:18,0
DA:19,0
DA:22,22
LF:10
LH:5
BRDA:15,0,0,0
BRDA:15,1,0,0
BRDA:15,1,1,0
BRF:3
BRH:0
end_of_record
TN:
SF:src/eq.ts
FN:8,(anonymous_4)
FN:23,(anonymous_5)
FNF:2
FNH:2
FNDA:53,(anonymous_4)
FNDA:64,(anonymous_5)
DA:1,22
DA:2,22
DA:3,22
DA:4,22
DA:8,22
DA:9,53
DA:22,0
DA:23,22
DA:24,64
DA:28,85
LF:10
LH:9
BRDA:9,0,0,15
BRDA:9,0,1,38
BRDA:24,1,0,11
BRDA:24,1,1,53
BRF:4
BRH:4
end_of_record
TN:
SF:src/exists.ts
FN:10,(anonymous_4)
FNF:1
FNH:0
FNDA:0,(anonymous_4)
DA:1,22
DA:2,22
DA:5,22
DA:6,22
DA:9,0
DA:10,22
DA:11,0
DA:12,0
DA:13,0
DA:16,22
LF:10
LH:6
BRF:0
BRH:0
end_of_record
TN:
SF:src/fallback.ts
FN:6,(anonymous_4)
FNF:1
FNH:1
FNDA:105,(anonymous_4)
DA:1,22
DA:5,0
DA:6,22
DA:7,105
DA:11,105
LF:5
LH:4
BRDA:7,0,0,35
BRDA:7,0,1,70
BRF:2
BRH:2
end_of_record
TN:
SF:src/false-value.ts
FNF:0
FNH:0
DA:2,22
DA:13,0
DA:14,22
DA:16,22
LF:4
LH:3
BRF:0
BRH:0
end_of_record
TN:
SF:src/gt.ts
FN:10,(anonymous_4)
FNF:1
FNH:1
FNDA:5,(anonymous_4)
DA:1,22
DA:9,0
DA:10,22
DA:11,5
DA:13,24
LF:5
LH:4
BRF:0
BRH:0
end_of_record
TN:
SF:src/gte.ts
FN:10,(anonymous_4)
FNF:1
FNH:1
FNDA:1,(anonymous_4)
DA:1,22
DA:9,0
DA:10,22
DA:11,1
DA:13,22
LF:5
LH:4
BRF:0
BRH:0
end_of_record
TN:
SF:src/identifier.ts
FN:11,isPlain
FN:19,quote
FN:40,identifier
FN:57,(anonymous_12)
FN:59,(anonymous_13)
FN:60,(anonymous_14)
FN:66,jsonValue
FN:71,jsonQuery
FN:78,jsonPathExists
FNF:9
FNH:9
FNDA:424,isPlain
FNDA:159,quote
FNDA:485,identifier
FNDA:424,(anonymous_12)
FNDA:118,(anonymous_13)
FNDA:118,(anonymous_14)
FNDA:6,jsonValue
FNDA:1,jsonQuery
FNDA:2,jsonPathExists
DA:1,22
DA:2,22
DA:3,22
DA:11,0
DA:12,424
DA:19,0
DA:20,159
DA:40,0
DA:41,485
DA:42,1
DA:44,484
DA:45,425
DA:46,6
DA:47,6
DA:49,419
DA:50,1
DA:51,1
DA:53,418
DA:54,2
DA:55,2
DA:57,424
DA:59,118
DA:60,118
DA:62,0
DA:66,22
DA:67,6
DA:71,22
DA:72,1
DA:78,22
DA:79,2
DA:82,343
LF:31
LH:27
BRDA:13,0,0,424
BRDA:13,0,1,282
BRDA:41,1,0,1
BRDA:44,2,0,425
BRDA:45,3,0,6
BRDA:49,4,0,1
BRDA:53,5,0,2
BRDA:57,6,0,265
BRDA:57,6,1,159
BRDA:59,7,0,59
BRDA:59,8,0,59
BRDA:59,8,1,59
BRDA:59,9,0,118
BRDA:59,9,1,0
BRDA:72,10,0,1
BRDA:72,10,1,0
BRF:16
BRH:14
end_of_record
TN:
SF:src/identifiers.ts
FN:12,(anonymous_4)
FNF:1
FNH:0
FNDA:0,(anonymous_4)
DA:1,22
DA:2,22
DA:11,0
DA:12,22
DA:13,0
DA:15,22
LF:6
LH:4
BRF:0
BRH:0
end_of_record
TN:
SF:src/in.ts
FN:17,(anonymous_4)
FNF:1
FNH:1
FNDA:11,(anonymous_4)
DA:1,22
DA:2,22
DA:3,22
DA:4,22
DA:5,22
DA:7,22
DA:16,0
DA:17,22
DA:18,11
DA:24,32
LF:10
LH:9
BRDA:18,0,0,2
BRDA:18,0,1,9
BRDA:20,1,0,5
BRDA:20,1,1,4
BRDA:20,2,0,9
BRDA:20,2,1,7
BRDA:20,2,2,7
BRF:7
BRH:7
end_of_record
TN:
SF:src/indent-tail.ts
FN:3,(anonymous_1)
FNF:1
FNH:1
FNDA:705,(anonymous_1)
DA:3,22
DA:4,705
DA:10,705
LF:3
LH:3
BRDA:4,0,0,236
BRDA:4,0,1,469
BRF:2
BRH:2
end_of_record
TN:
SF:src/index.ts
FNF:0
FNH:0
DA:1,22
DA:2,22
DA:3,22
DA:4,22
DA:5,22
DA:6,22
DA:7,22
DA:8,22
DA:9,22
DA:10,22
DA:11,22
DA:12,22
DA:13,22
DA:14,22
DA:15,22
DA:16,22
DA:17,22
DA:18,22
DA:19,22
DA:20,22
DA:21,22
DA:22,22
DA:23,22
DA:24,22
DA:25,22
DA:26,22
DA:27,22
DA:28,22
DA:29,22
DA:30,22
DA:31,22
DA:32,22
DA:33,22
DA:34,22
DA:35,22
DA:36,22
DA:37,22
DA:38,22
DA:39,22
DA:40,22
DA:41,22
DA:42,22
DA:43,22
DA:44,22
DA:45,22
DA:46,22
DA:47,22
DA:48,22
DA:49,22
DA:50,22
DA:51,22
DA:52,22
DA:53,22
DA:54,22
DA:55,22
DA:56,22
DA:57,22
DA:58,22
DA:59,22
DA:60,22
DA:61,22
DA:62,22
DA:63,22
DA:64,22
DA:65,22
DA:66,22
DA:67,22
DA:68,22
DA:69,22
DA:70,22
DA:71,22
DA:72,22
DA:73,22
DA:74,22
DA:75,22
DA:76,22
DA:77,22
DA:78,22
DA:79,22
DA:80,22
DA:81,22
DA:83,22
DA:84,22
DA:85,22
DA:86,22
DA:87,22
DA:88,22
DA:91,6
DA:92,9
DA:93,5
DA:94,1
DA:95,0
DA:96,0
DA:97,13
DA:98,15
DA:99,0
DA:100,11
DA:101,0
DA:102,0
DA:103,0
DA:104,2
DA:105,0
DA:106,0
DA:107,0
DA:108,10
DA:109,0
DA:110,0
DA:111,1
DA:112,10
DA:113,0
DA:114,10
DA:115,7
DA:116,0
DA:117,0
DA:118,6
DA:119,6
DA:120,0
DA:121,0
DA:122,3
DA:123,8
DA:124,0
DA:125,0
DA:126,0
DA:127,0
DA:128,0
DA:129,0
DA:130,0
DA:131,5
DA:132,1
DA:133,0
DA:134,19
DA:135,0
DA:136,0
DA:137,0
DA:138,0
DA:139,0
DA:140,0
DA:141,5
DA:142,2
DA:143,0
DA:144,0
DA:145,0
DA:146,0
DA:147,0
DA:148,0
DA:149,0
DA:150,0
DA:151,0
DA:152,1
DA:153,0
DA:154,0
DA:155,6
DA:156,3
DA:157,0
DA:158,0
DA:159,0
DA:160,4
DA:161,0
DA:162,0
DA:163,0
DA:164,0
DA:165,0
DA:166,0
DA:167,0
DA:168,0
DA:169,37
DA:170,0
DA:171,0
DA:172,0
DA:173,0
DA:174,6
DA:176,0
DA:177,0
DA:178,24
DA:181,31
DA:183,0
DA:184,1
DA:185,1
LF:178
LH:119
BRF:0
BRH:0
end_of_record
TN:
SF:src/inline-table-of-column.ts
FN:14,(anonymous_4)
FN:20,(anonymous_5)
FNF:2
FNH:2
FNDA:4,(anonymous_4)
FNDA:11,(anonymous_5)
DA:1,22
DA:2,22
DA:3,22
DA:6,22
DA:13,0
DA:14,22
DA:15,4
DA:16,0
DA:18,4
DA:19,4
DA:20,11
DA:21,4
DA:28,22
LF:13
LH:11
BRDA:15,0,0,0
BRF:1
BRH:0
end_of_record
TN:
SF:src/inline-table-of-objects.ts
FN:16,(anonymous_4)
FN:20,(anonymous_5)
FN:20,(anonymous_6)
FNF:3
FNH:3
FNDA:15,(anonymous_4)
FNDA:3037,(anonymous_5)
FNDA:3073,(anonymous_6)
DA:1,22
DA:2,22
DA:3,22
DA:4,22
DA:5,22
DA:8,22
DA:15,0
DA:16,22
DA:17,15
DA:18,15
DA:19,15
DA:20,3073
DA:21,15
DA:27,22
LF:14
LH:13
BRDA:18,0,0,15
BRDA:18,0,1,1
BRF:2
BRH:2
end_of_record
TN:
SF:src/insert-ignore.ts
FN:14,(anonymous_6)
FN:18,(anonymous_7)
FN:29,(anonymous_8)
FN:48,(anonymous_9)
FN:49,(anonymous_10)
FNF:5
FNH:5
FNDA:10,(anonymous_6)
FNDA:20,(anonymous_7)
FNDA:10,(anonymous_8)
FNDA:10,(anonymous_9)
FNDA:10,(anonymous_10)
DA:1,22
DA:2,22
DA:3,22
DA:4,22
DA:5,22
DA:6,22
DA:7,22
DA:8,22
DA:13,0
DA:14,22
DA:15,10
DA:17,0
DA:18,22
DA:19,20
DA:28,0
DA:29,22
DA:39,10
DA:40,0
DA:43,10
DA:44,0
DA:47,10
DA:48,10
DA:49,10
DA:51,10
DA:60,22
LF:25
LH:20
BRDA:34,0,0,0
BRDA:34,1,0,2
BRDA:39,2,0,0
BRDA:43,3,0,0
BRDA:47,4,0,10
BRDA:47,4,1,10
BRF:6
BRH:3
end_of_record
TN:
SF:src/insert-not-matched.ts
FN:14,(anonymous_6)
FN:18,(anonymous_7)
FN:31,(anonymous_8)
FN:51,(anonymous_9)
FNF:4
FNH:0
FNDA:0,(anonymous_6)
FNDA:0,(anonymous_7)
FNDA:0,(anonymous_8)
FNDA:0,(anonymous_9)
DA:1,22
DA:2,22
DA:3,22
DA:4,22
DA:5,22
DA:6,22
DA:7,22
DA:8,22
DA:13,0
DA:14,22
DA:15,0
DA:17,0
DA:18,22
DA:19,0
DA:30,0
DA:31,22
DA:41,0
DA:42,0
DA:45,0
DA:46,0
DA:49,0
DA:50,0
DA:51,0
DA:53,0
DA:63,22
LF:25
LH:12
BRDA:36,0,0,0
BRDA:36,1,0,0
BRDA:41,2,0,0
BRDA:45,3,0,0
BRDA:50,4,0,0
BRDA:50,4,1,0
BRF:6
BRH:0
end_of_record
TN:
SF:src/insert-object.ts
FN:17,(anonymous_4)
FN:25,(anonymous_5)
FNF:2
FNH:2
FNDA:10,(anonymous_4)
FNDA:23,(anonymous_5)
DA:1,22
DA:2,22
DA:3,22
DA:4,22
DA:5,22
DA:16,0
DA:17,22
DA:18,10
DA:19,10
DA:20,10
DA:21,0
DA:23,10
DA:24,10
DA:25,23
DA:26,10
DA:31,22
LF:16
LH:14
BRDA:20,0,0,0
BRDA:26,1,0,0
BRDA:26,1,1,10
BRF:3
BRH:1
end_of_record
TN:
SF:src/insert-objects.ts
FN:19,(anonymous_4)
FN:45,(anonymous_5)
FN:45,(anonymous_6)
FNF:3
FNH:3
FNDA:7,(anonymous_4)
FNDA:1104,(anonymous_5)
FNDA:1107,(anonymous_6)
DA:1,22
DA:2,22
DA:3,22
DA:4,22
DA:5,22
DA:6,22
DA:7,22
DA:18,0
DA:19,22
DA:25,7
DA:26,0
DA:29,7
DA:30,1
DA:33,6
DA:34,6
DA:35,6
DA:37,6
DA:38,2
DA:45,1107
DA:46,4
DA:52,22
LF:21
LH:19
BRDA:25,0,0,0
BRDA:29,1,0,1
BRDA:34,2,0,6
BRDA:34,2,1,6
BRDA:37,3,0,2
BRF:5
BRH:4
end_of_record
TN:
SF:src/interpolate.ts
FN:9,updateMargin
FN:39,(anonymous_5)
FN:52,(anonymous_6)
FNF:3
FNH:3
FNDA:1816,updateMargin
FNDA:406,(anonymous_5)
FNDA:1816,(anonymous_6)
DA:2,22
DA:12,1816
DA:15,1816
DA:18,1816
DA:19,1816
DA:20,2025
DA:24,1816
DA:27,1816
DA:30,1816
DA:31,1816
DA:38,0
DA:39,22
DA:40,406
DA:41,0
DA:43,406
DA:44,0
DA:46,406
DA:47,0
DA:49,406
DA:50,406
DA:52,406
DA:53,1816
DA:54,1816
DA:56,406
DA:57,406
DA:58,705
DA:59,705
DA:61,406
DA:64,406
LF:29
LH:25
BRDA:19,0,0,3841
BRDA:19,0,1,3316
BRDA:30,1,0,273
BRDA:30,1,1,1543
BRDA:30,2,0,494
BRDA:30,2,1,1049
BRDA:31,3,0,1816
BRDA:31,3,1,1229
BRDA:31,3,2,767
BRDA:40,4,0,0
BRDA:40,5,0,406
BRDA:40,5,1,406
BRDA:43,6,0,0
BRDA:43,7,0,406
BRDA:43,7,1,0
BRDA:46,8,0,0
BRF:16
BRH:12
end_of_record
TN:
SF:src/interpolate1.ts
FN:3,(anonymous_3)
FNF:1
FNH:1
FNDA:78,(anonymous_3)
DA:2,0
DA:3,22
DA:4,78
DA:5,0
DA:7,78
DA:8,0
DA:10,78
DA:11,78
DA:12,27
DA:13,27
DA:15,78
DA:18,78
LF:12
LH:9
BRDA:4,0,0,0
BRDA:7,1,0,0
BRF:2
BRH:0
end_of_record
TN:
SF:src/is-defined.ts
FN:9,isDefined
FN:16,(anonymous_2)
FNF:2
FNH:2
FNDA:127,isDefined
FNDA:114,(anonymous_2)
DA:1,22
DA:9,90
DA:10,127
DA:11,13
DA:13,114
DA:14,114
DA:16,114
DA:18,0
LF:8
LH:7
BRDA:10,0,0,13
BRDA:13,1,0,114
BRF:2
BRH:2
end_of_record
TN:
SF:src/is-null.ts
FN:5,(anonymous_4)
FNF:1
FNH:1
FNDA:69,(anonymous_4)
DA:1,22
DA:4,0
DA:5,22
DA:6,69
DA:9,69
LF:5
LH:4
BRDA:6,0,0,69
BRDA:6,0,1,53
BRDA:6,0,2,15
BRF:3
BRH:3
end_of_record
TN:
SF:src/is-object.ts
FN:1,isObject
FNF:1
FNH:1
FNDA:263,isObject
DA:1,263
DA:2,263
LF:2
LH:2
BRDA:3,0,0,263
BRDA:3,0,1,239
BRDA:3,0,2,236
BRF:3
BRH:3
end_of_record
TN:
SF:src/is-string.ts
FN:5,(anonymous_3)
FNF:1
FNH:1
FNDA:4685,(anonymous_3)
DA:2,0
DA:5,22
DA:6,4685
DA:8,4685
LF:4
LH:3
BRDA:6,0,0,4685
BRDA:6,0,1,0
BRF:2
BRH:1
end_of_record
TN:
SF:src/is.ts
FN:12,(anonymous_1)
FN:13,(anonymous_2)
FNF:2
FNH:2
FNDA:6,(anonymous_1)
FNDA:6,(anonymous_2)
DA:12,22
DA:13,6
DA:14,6
DA:16,22
LF:4
LH:4
BRF:0
BRH:0
end_of_record
TN:
SF:src/json-modify.ts
FN:8,(anonymous_4)
FN:10,(anonymous_5)
FNF:2
FNH:2
FNDA:3,(anonymous_4)
FNDA:6,(anonymous_5)
DA:1,22
DA:2,22
DA:3,22
DA:4,22
DA:7,0
DA:8,22
DA:9,3
DA:10,3
DA:11,6
DA:12,2
DA:13,2
DA:25,4
DA:35,22
LF:13
LH:12
BRDA:11,0,0,2
BRF:1
BRH:1
end_of_record
TN:
SF:src/json-path-exists.ts
FNF:0
FNH:0
DA:1,22
DA:2,22
LF:2
LH:2
BRF:0
BRH:0
end_of_record
TN:
SF:src/json-path.ts
FN:6,(anonymous_4)
FNF:1
FNH:1
FNDA:20,(anonymous_4)
DA:2,22
DA:5,0
DA:6,22
DA:7,20
DA:8,5
DA:10,15
DA:11,15
DA:12,2
DA:14,15
DA:15,1
DA:17,15
DA:18,2
DA:20,13
DA:23,22
LF:14
LH:13
BRDA:6,0,0,18
BRDA:7,1,0,5
BRDA:11,2,0,2
BRDA:14,3,0,1
BRDA:17,4,0,2
BRF:5
BRH:5
end_of_record
TN:
SF:src/json-query.ts
FNF:0
FNH:0
DA:1,22
DA:2,22
LF:2
LH:2
BRF:0
BRH:0
end_of_record
TN:
SF:src/json-value.ts
FNF:0
FNH:0
DA:1,22
DA:2,22
LF:2
LH:2
BRF:0
BRH:0
end_of_record
TN:
SF:src/json.ts
FN:11,(anonymous_4)
FNF:1
FNH:1
FNDA:8,(anonymous_4)
DA:1,22
DA:2,22
DA:10,0
DA:11,22
DA:12,8
DA:16,22
LF:6
LH:5
BRDA:12,0,0,0
BRDA:12,0,1,8
BRF:2
BRH:1
end_of_record
TN:
SF:src/keys-of-objects.ts
FN:3,(anonymous_4)
FN:4,(anonymous_5)
FN:12,(anonymous_6)
FNF:3
FNH:3
FNDA:4124,(anonymous_4)
FNDA:4152,(anonymous_5)
FNDA:21,(anonymous_6)
DA:2,0
DA:3,22
DA:4,4152
DA:11,0
DA:12,22
DA:13,21
DA:14,0
DA:16,21
DA:17,0
DA:19,21
DA:20,21
DA:21,4124
DA:22,4124
DA:23,0
DA:28,21
DA:31,22
LF:16
LH:11
BRDA:4,0,0,4124
BRDA:4,0,1,4124
BRDA:13,1,0,0
BRDA:16,2,0,0
BRDA:22,3,0,0
BRF:5
BRH:2
end_of_record
TN:
SF:src/keywords.ts
FN:977,(anonymous_1)
FNF:1
FNH:1
FNDA:21362,(anonymous_1)
DA:1,22
DA:977,21362
DA:979,424
LF:3
LH:3
BRF:0
BRH:0
end_of_record
TN:
SF:src/like.ts
FN:9,(anonymous_4)
FN:20,(anonymous_5)
FNF:2
FNH:2
FNDA:1,(anonymous_4)
FNDA:1,(anonymous_5)
DA:1,22
DA:2,22
DA:3,22
DA:4,22
DA:5,22
DA:9,22
DA:10,1
DA:19,0
DA:20,22
DA:21,1
DA:25,22
LF:11
LH:10
BRDA:10,0,0,0
BRDA:10,0,1,1
BRDA:21,1,0,0
BRDA:21,1,1,1
BRF:4
BRH:2
end_of_record
TN:
SF:src/limited-hints-identifier.ts
FN:9,(anonymous_5)
FNF:1
FNH:1
FNDA:20,(anonymous_5)
DA:1,22
DA:2,22
DA:3,22
DA:4,22
DA:9,22
DA:10,20
DA:14,22
LF:7
LH:7
BRDA:10,0,0,18
BRDA:10,0,1,2
BRDA:10,1,0,20
BRDA:10,1,1,20
BRF:4
BRH:4
end_of_record
TN:
SF:src/line.ts
FN:15,(anonymous_4)
FN:16,(anonymous_5)
FN:17,(anonymous_6)
FNF:3
FNH:3
FNDA:13,(anonymous_4)
FNDA:26,(anonymous_5)
FNDA:26,(anonymous_6)
DA:1,22
DA:2,22
DA:14,0
DA:15,22
DA:16,26
DA:17,26
DA:20,22
LF:7
LH:6
BRF:0
BRH:0
end_of_record
TN:
SF:src/lines.ts
FN:9,(anonymous_4)
FNF:1
FNH:1
FNDA:5,(anonymous_4)
DA:1,22
DA:8,0
DA:9,22
DA:10,5
DA:11,5
DA:12,2
DA:14,3
DA:17,22
LF:8
LH:7
BRDA:9,0,0,4
BRDA:11,1,0,2
BRF:2
BRH:2
end_of_record
TN:
SF:src/list.ts
FN:13,(anonymous_4)
FN:15,(anonymous_5)
FN:16,(anonymous_6)
FN:17,(anonymous_7)
FNF:4
FNH:4
FNDA:4274,(anonymous_4)
FNDA:8524,(anonymous_5)
FNDA:8512,(anonymous_6)
FNDA:8512,(anonymous_7)
DA:1,22
DA:2,22
DA:12,0
DA:13,22
DA:14,4274
DA:15,8524
DA:16,8512
DA:17,8512
DA:18,4274
DA:23,4274
LF:10
LH:9
BRDA:13,0,0,65
BRDA:13,1,0,4245
BRDA:18,2,0,4270
BRDA:18,2,1,4
BRF:4
BRH:4
end_of_record
TN:
SF:src/logical-false.ts
FNF:0
FNH:0
DA:2,22
DA:13,0
DA:14,22
DA:16,22
LF:4
LH:3
BRF:0
BRH:0
end_of_record
TN:
SF:src/logical-true.ts
FNF:0
FNH:0
DA:2,22
DA:13,0
DA:14,22
DA:16,25
LF:4
LH:3
BRF:0
BRH:0
end_of_record
TN:
SF:src/lt.ts
FN:10,(anonymous_4)
FNF:1
FNH:1
FNDA:2,(anonymous_4)
DA:1,22
DA:9,0
DA:10,22
DA:11,2
DA:13,22
LF:5
LH:4
BRF:0
BRH:0
end_of_record
TN:
SF:src/lte.ts
FN:10,(anonymous_4)
FNF:1
FNH:1
FNDA:2,(anonymous_4)
DA:1,22
DA:9,0
DA:10,22
DA:11,2
DA:13,22
LF:5
LH:4
BRF:0
BRH:0
end_of_record
TN:
SF:src/margin-of-first-line.ts
FN:3,(anonymous_1)
FNF:1
FNH:1
FNDA:14,(anonymous_1)
DA:3,24
DA:4,14
DA:5,14
DA:6,16
DA:7,6
DA:10,14
DA:13,24
LF:7
LH:7
BRDA:6,0,0,6
BRDA:6,1,0,16
BRDA:6,1,1,8
BRF:3
BRH:3
end_of_record
TN:
SF:src/margin-of-last-line.ts
FN:4,(anonymous_2)
FNF:1
FNH:1
FNDA:8,(anonymous_2)
DA:1,23
DA:4,23
DA:5,8
DA:7,23
LF:4
LH:4
BRF:0
BRH:0
end_of_record
TN:
SF:src/maybe-line.ts
FN:13,(anonymous_4)
FN:14,(anonymous_5)
FN:16,(anonymous_6)
FNF:3
FNH:0
FNDA:0,(anonymous_4)
FNDA:0,(anonymous_5)
FNDA:0,(anonymous_6)
DA:1,22
DA:2,22
DA:12,0
DA:13,22
DA:14,0
DA:15,0
DA:16,0
DA:20,22
LF:8
LH:4
BRDA:15,0,0,0
BRDA:15,0,1,0
BRF:2
BRH:0
end_of_record
TN:
SF:src/maybe-lines.ts
FN:7,(anonymous_4)
FN:10,(anonymous_5)
FN:11,(anonymous_6)
FN:12,(anonymous_7)
FN:13,(anonymous_8)
FNF:5
FNH:5
FNDA:5,(anonymous_4)
FNDA:10,(anonymous_5)
FNDA:7,(anonymous_6)
FNDA:7,(anonymous_7)
FNDA:7,(anonymous_8)
DA:1,22
DA:2,22
DA:6,0
DA:7,22
DA:9,5
DA:10,10
DA:11,7
DA:12,7
DA:13,7
DA:14,5
DA:15,2
DA:17,3
DA:20,22
LF:13
LH:12
BRDA:7,0,0,0
BRDA:14,1,0,2
BRF:2
BRH:1
end_of_record
TN:
SF:src/merge-1n.ts
FN:12,(anonymous_4)
FNF:1
FNH:1
FNDA:5,(anonymous_4)
DA:1,22
DA:2,22
DA:3,22
DA:4,22
DA:5,22
DA:11,0
DA:12,22
DA:21,5
DA:22,5
DA:23,5
DA:24,5
DA:25,0
DA:27,5
DA:28,1
DA:30,4
DA:45,22
LF:16
LH:14
BRDA:17,0,0,1
BRDA:17,1,0,1
BRDA:24,2,0,0
BRDA:27,3,0,1
BRF:4
BRH:3
end_of_record
TN:
SF:src/modify-jsons.ts
FN:16,(anonymous_7)
FN:20,(anonymous_8)
FN:24,(anonymous_9)
FN:29,(anonymous_10)
FN:33,(anonymous_11)
FN:44,(anonymous_12)
FN:45,(anonymous_13)
FN:46,(anonymous_14)
FN:47,(anonymous_15)
FN:51,(anonymous_16)
FNF:10
FNH:10
FNDA:7,(anonymous_7)
FNDA:6,(anonymous_8)
FNDA:2,(anonymous_9)
FNDA:5,(anonymous_10)
FNDA:2,(anonymous_11)
FNDA:4,(anonymous_12)
FNDA:4,(anonymous_13)
FNDA:2,(anonymous_14)
FNDA:4,(anonymous_15)
FNDA:2,(anonymous_16)
DA:1,22
DA:2,22
DA:3,22
DA:4,22
DA:5,22
DA:6,22
DA:9,22
DA:10,22
DA:15,0
DA:16,22
DA:17,7
DA:19,0
DA:20,22
DA:21,6
DA:23,0
DA:24,22
DA:25,2
DA:29,5
DA:33,22
DA:38,2
DA:39,0
DA:42,2
DA:43,2
DA:44,4
DA:45,4
DA:46,2
DA:47,4
DA:48,2
DA:51,2
DA:53,2
DA:62,22
LF:31
LH:27
BRDA:38,0,0,0
BRF:1
BRH:0
end_of_record
TN:
SF:src/ne.ts
FN:8,(anonymous_4)
FNF:1
FNH:1
FNDA:1,(anonymous_4)
DA:1,22
DA:2,22
DA:3,22
DA:5,22
DA:7,0
DA:8,22
DA:9,1
DA:10,0
DA:12,1
DA:13,1
DA:18,22
LF:11
LH:9
BRDA:9,0,0,0
BRDA:13,1,0,0
BRDA:13,1,1,1
BRF:3
BRH:1
end_of_record
TN:
SF:src/ng.ts
FN:5,(anonymous_4)
FNF:1
FNH:1
FNDA:1,(anonymous_4)
DA:1,22
DA:4,0
DA:5,22
DA:6,1
DA:8,22
LF:5
LH:4
BRF:0
BRH:0
end_of_record
TN:
SF:src/nl.ts
FN:5,(anonymous_4)
FNF:1
FNH:1
FNDA:1,(anonymous_4)
DA:1,22
DA:4,0
DA:5,22
DA:6,1
DA:8,22
LF:5
LH:4
BRF:0
BRH:0
end_of_record
TN:
SF:src/not-between.ts
FN:7,(anonymous_4)
FNF:1
FNH:1
FNDA:1,(anonymous_4)
DA:1,22
DA:2,22
DA:3,22
DA:6,0
DA:7,22
DA:8,1
DA:12,22
LF:7
LH:6
BRDA:8,0,0,0
BRDA:8,0,1,1
BRDA:8,1,0,1
BRDA:8,1,1,1
BRF:4
BRH:3
end_of_record
TN:
SF:src/not-distinct.ts
FN:7,(anonymous_4)
FNF:1
FNH:0
FNDA:0,(anonymous_4)
DA:1,22
DA:2,22
DA:3,22
DA:6,0
DA:7,22
DA:8,0
DA:9,0
DA:11,0
DA:12,0
DA:15,44
LF:10
LH:5
BRDA:8,0,0,0
BRDA:8,1,0,0
BRDA:8,1,1,0
BRF:3
BRH:0
end_of_record
TN:
SF:src/not-in.ts
FN:9,(anonymous_4)
FNF:1
FNH:1
FNDA:1,(anonymous_4)
DA:1,22
DA:2,22
DA:3,22
DA:4,22
DA:5,22
DA:8,0
DA:9,22
DA:10,1
DA:16,44
LF:9
LH:8
BRDA:10,0,0,0
BRDA:10,0,1,1
BRDA:12,1,0,1
BRDA:12,1,1,0
BRDA:12,2,0,1
BRDA:12,2,1,1
BRDA:12,2,2,1
BRF:7
BRH:5
end_of_record
TN:
SF:src/not.ts
FNF:0
FNH:0
DA:1,22
DA:3,0
DA:5,22
LF:3
LH:2
BRF:0
BRH:0
end_of_record
TN:
SF:src/now.ts
FNF:0
FNH:0
DA:1,22
DA:3,0
DA:4,22
DA:6,22
LF:4
LH:3
BRF:0
BRH:0
end_of_record
TN:
SF:src/nstring.ts
FN:6,(anonymous_4)
FNF:1
FNH:1
FNDA:4264,(anonymous_4)
DA:1,22
DA:2,22
DA:5,0
DA:6,22
DA:7,4264
DA:13,4264
LF:6
LH:5
BRDA:7,0,0,0
BRDA:7,0,1,4264
BRDA:9,1,0,0
BRDA:9,1,1,4264
BRF:4
BRH:2
end_of_record
TN:
SF:src/null.ts
FNF:0
FNH:0
DA:1,22
DA:3,0
DA:4,22
DA:6,22
LF:4
LH:3
BRF:0
BRH:0
end_of_record
TN:
SF:src/number.ts
FN:5,(anonymous_4)
FNF:1
FNH:1
FNDA:75,(anonymous_4)
DA:1,22
DA:4,0
DA:5,22
DA:6,75
DA:7,0
DA:9,75
DA:12,75
LF:7
LH:5
BRDA:6,0,0,0
BRF:1
BRH:0
end_of_record
TN:
SF:src/object-id.ts
FN:5,(anonymous_4)
FNF:1
FNH:0
FNDA:0,(anonymous_4)
DA:2,22
DA:4,0
DA:5,22
DA:6,0
DA:8,22
LF:5
LH:3
BRF:0
BRH:0
end_of_record
TN:
SF:src/op.ts
FN:12,(anonymous_4)
FNF:1
FNH:1
FNDA:12,(anonymous_4)
DA:1,22
DA:2,22
DA:3,22
DA:5,22
DA:11,0
DA:12,22
DA:13,12
DA:17,22
LF:8
LH:7
BRDA:13,0,0,0
BRDA:13,0,1,12
BRF:2
BRH:1
end_of_record
TN:
SF:src/or.ts
FNF:0
FNH:0
DA:1,22
DA:3,0
DA:5,22
LF:3
LH:2
BRF:0
BRH:0
end_of_record
TN:
SF:src/order-by.ts
FN:6,(anonymous_2)
FN:7,(anonymous_3)
FNF:2
FNH:2
FNDA:3,(anonymous_2)
FNDA:4,(anonymous_3)
DA:1,22
DA:2,22
DA:3,22
DA:6,22
DA:7,4
DA:9,22
LF:6
LH:6
BRDA:7,0,0,2
BRDA:7,0,1,2
BRF:2
BRH:2
end_of_record
TN:
SF:src/pick.ts
FN:4,(anonymous_3)
FNF:1
FNH:0
FNDA:0,(anonymous_3)
DA:3,0
DA:4,22
DA:5,0
DA:6,0
DA:7,0
DA:11,0
DA:14,22
LF:7
LH:2
BRDA:7,0,0,0
BRDA:7,0,1,0
BRF:2
BRH:0
end_of_record
TN:
SF:src/quoted-nstring.ts
FN:6,(anonymous_4)
FN:10,(anonymous_5)
FN:18,(anonymous_6)
FN:26,(anonymous_7)
FNF:4
FNH:4
FNDA:4267,(anonymous_4)
FNDA:4265,(anonymous_5)
FNDA:4264,(anonymous_6)
FNDA:4264,(anonymous_7)
DA:3,22
DA:6,22
DA:7,4267
DA:10,22
DA:11,4265
DA:12,4263
DA:14,2
DA:18,22
DA:19,4264
DA:20,4263
DA:22,1
DA:25,0
DA:26,22
DA:27,4264
DA:28,0
DA:30,4264
DA:33,4264
LF:17
LH:15
BRDA:7,0,0,0
BRDA:7,0,1,4267
BRDA:11,1,0,4263
BRDA:19,2,0,4263
BRDA:27,3,0,0
BRF:5
BRH:3
end_of_record
TN:
SF:src/random-identifier.ts
FN:7,(anonymous_2)
FN:13,(anonymous_3)
FN:14,(anonymous_4)
FNF:3
FNH:3
FNDA:32,(anonymous_2)
FNDA:2,(anonymous_3)
FNDA:32,(anonymous_4)
DA:1,22
DA:4,22
DA:7,22
DA:8,32
DA:9,32
DA:13,22
DA:14,32
DA:16,22
LF:8
LH:8
BRDA:13,0,0,0
BRDA:13,1,0,0
BRF:2
BRH:0
end_of_record
TN:
SF:src/raw.ts
FN:5,(anonymous_4)
FNF:1
FNH:1
FNDA:9282,(anonymous_4)
DA:1,22
DA:4,0
DA:5,22
DA:6,9282
DA:8,9282
LF:5
LH:4
BRF:0
BRH:0
end_of_record
TN:
SF:src/replace-objects.ts
FN:15,(anonymous_4)
FN:16,(anonymous_5)
FN:20,(anonymous_6)
FN:45,(anonymous_7)
FN:46,(anonymous_8)
FNF:5
FNH:0
FNDA:0,(anonymous_4)
FNDA:0,(anonymous_5)
FNDA:0,(anonymous_6)
FNDA:0,(anonymous_7)
FNDA:0,(anonymous_8)
DA:1,22
DA:2,22
DA:3,22
DA:4,22
DA:5,22
DA:6,22
DA:7,22
DA:8,22
DA:9,22
DA:10,22
DA:15,22
DA:16,22
DA:19,0
DA:20,22
DA:32,0
DA:33,0
DA:36,0
DA:38,0
DA:39,0
DA:42,0
DA:43,0
DA:44,0
DA:45,0
DA:46,0
DA:48,0
DA:62,22
LF:26
LH:14
BRDA:27,0,0,0
BRDA:32,1,0,0
BRDA:38,2,0,0
BRDA:42,3,0,0
BRDA:42,3,1,0
BRDA:43,4,0,0
BRDA:43,4,1,0
BRDA:44,5,0,0
BRDA:44,5,1,0
BRF:9
BRH:0
end_of_record
TN:
SF:src/row.ts
FN:8,(anonymous_4)
FNF:1
FNH:1
FNDA:4191,(anonymous_4)
DA:1,22
DA:2,22
DA:3,22
DA:7,0
DA:8,22
DA:9,4191
DA:11,4191
LF:7
LH:6
BRDA:8,0,0,4191
BRF:1
BRH:1
end_of_record
TN:
SF:src/rowset.ts
FN:5,(anonymous_4)
FNF:1
FNH:0
FNDA:0,(anonymous_4)
DA:1,22
DA:4,0
DA:5,22
DA:6,0
DA:7,0
DA:9,0
DA:12,22
LF:7
LH:3
BRDA:6,0,0,0
BRF:1
BRH:0
end_of_record
TN:
SF:src/sanitised-identifier.ts
FNF:0
FNH:0
DA:1,22
DA:3,22
DA:5,0
DA:10,970
LF:4
LH:3
BRF:0
BRH:0
end_of_record
TN:
SF:src/sanitised.ts
FNF:0
FNH:0
DA:1,22
DA:3,0
DA:8,31625
LF:3
LH:2
BRF:0
BRH:0
end_of_record
TN:
SF:src/select.ts
FN:10,(anonymous_5)
FN:11,(anonymous_6)
FN:14,(anonymous_7)
FN:15,(anonymous_8)
FNF:4
FNH:0
FNDA:0,(anonymous_5)
FNDA:0,(anonymous_6)
FNDA:0,(anonymous_7)
FNDA:0,(anonymous_8)
DA:1,22
DA:2,22
DA:3,22
DA:4,22
DA:5,22
DA:7,22
DA:9,0
DA:10,22
DA:11,0
DA:13,0
DA:14,22
DA:15,0
DA:16,0
DA:17,0
DA:19,0
DA:20,0
DA:27,22
LF:17
LH:9
BRDA:11,0,0,0
BRDA:11,0,1,0
BRDA:14,1,0,0
BRDA:16,2,0,0
BRDA:19,3,0,0
BRDA:19,3,1,0
BRDA:23,4,0,0
BRDA:23,4,1,0
BRF:8
BRH:0
end_of_record
TN:
SF:src/star.ts
FN:7,(anonymous_4)
FNF:1
FNH:0
FNDA:0,(anonymous_4)
DA:1,22
DA:4,22
DA:6,0
DA:7,22
DA:8,0
DA:12,22
LF:6
LH:4
BRDA:8,0,0,0
BRDA:8,0,1,0
BRF:2
BRH:0
end_of_record
TN:
SF:src/table-hint-limited.ts
FN:50,(anonymous_4)
FNF:1
FNH:1
FNDA:18,(anonymous_4)
DA:1,22
DA:27,22
DA:49,18
DA:50,22
DA:51,18
DA:52,0
DA:54,18
LF:7
LH:6
BRDA:51,0,0,0
BRF:1
BRH:0
end_of_record
TN:
SF:src/template.ts
FN:8,(anonymous_4)
FNF:1
FNH:1
FNDA:406,(anonymous_4)
DA:1,22
DA:2,22
DA:3,22
DA:4,22
DA:7,0
DA:8,22
DA:9,406
DA:11,406
LF:8
LH:7
BRF:0
BRH:0
end_of_record
TN:
SF:src/top.ts
FN:15,(anonymous_4)
FNF:1
FNH:0
FNDA:0,(anonymous_4)
DA:1,22
DA:2,22
DA:3,22
DA:4,22
DA:14,0
DA:15,22
DA:16,0
DA:17,0
DA:19,0
DA:22,0
DA:30,22
LF:11
LH:6
BRDA:15,0,0,0
BRDA:16,1,0,0
BRDA:19,2,0,0
BRDA:19,2,1,0
BRDA:25,3,0,0
BRDA:25,3,1,0
BRF:6
BRH:0
end_of_record
TN:
SF:src/true-value.ts
FNF:0
FNH:0
DA:2,22
DA:13,0
DA:14,22
DA:16,22
LF:4
LH:3
BRF:0
BRH:0
end_of_record
TN:
SF:src/unique.ts
FN:4,unique
FNF:1
FNH:1
FNDA:78,unique
DA:4,0
DA:5,78
DA:6,78
DA:7,78
DA:8,108
DA:9,108
DA:10,105
DA:11,105
DA:14,78
DA:17,78
LF:10
LH:9
BRDA:9,0,0,105
BRF:1
BRH:1
end_of_record
TN:
SF:src/unix.ts
FNF:0
FNH:0
DA:1,22
DA:4,22
DA:6,22
LF:3
LH:3
BRF:0
BRH:0
end_of_record
TN:
SF:src/update-objects.ts
FN:15,(anonymous_6)
FN:19,(anonymous_7)
FN:24,(anonymous_8)
FN:46,(anonymous_9)
FN:47,(anonymous_10)
FNF:5
FNH:0
FNDA:0,(anonymous_6)
FNDA:0,(anonymous_7)
FNDA:0,(anonymous_8)
FNDA:0,(anonymous_9)
FNDA:0,(anonymous_10)
DA:1,22
DA:2,22
DA:3,22
DA:4,22
DA:5,22
DA:6,22
DA:7,22
DA:8,22
DA:9,22
DA:14,0
DA:15,22
DA:16,0
DA:18,0
DA:19,22
DA:20,0
DA:23,0
DA:24,22
DA:35,0
DA:36,0
DA:39,0
DA:40,0
DA:43,0
DA:44,0
DA:45,0
DA:46,0
DA:47,0
DA:49,0
DA:58,22
LF:28
LH:13
BRDA:30,0,0,0
BRDA:30,1,0,0
BRDA:35,2,0,0
BRDA:39,3,0,0
BRDA:44,4,0,0
BRDA:44,4,1,0
BRDA:45,5,0,0
BRDA:45,5,1,0
BRF:8
BRH:0
end_of_record
TN:
SF:src/update.ts
FN:13,(anonymous_4)
FNF:1
FNH:1
FNDA:6,(anonymous_4)
DA:1,22
DA:2,22
DA:3,22
DA:4,22
DA:5,22
DA:9,22
DA:12,0
DA:13,22
DA:21,6
DA:22,1
DA:24,5
DA:25,5
DA:26,5
DA:27,5
DA:28,1
DA:30,4
DA:38,22
LF:17
LH:16
BRDA:17,0,0,5
BRDA:17,1,0,5
BRDA:21,2,0,1
BRDA:25,3,0,5
BRDA:25,3,1,0
BRDA:27,4,0,1
BRF:6
BRH:5
end_of_record
TN:
SF:src/upsert-objects.ts
FN:16,(anonymous_6)
FN:20,(anonymous_7)
FN:31,(anonymous_8)
FN:55,(anonymous_9)
FN:56,(anonymous_10)
FNF:5
FNH:0
FNDA:0,(anonymous_6)
FNDA:0,(anonymous_7)
FNDA:0,(anonymous_8)
FNDA:0,(anonymous_9)
FNDA:0,(anonymous_10)
DA:1,22
DA:2,22
DA:3,22
DA:4,22
DA:5,22
DA:6,22
DA:7,22
DA:8,22
DA:9,22
DA:10,22
DA:15,0
DA:16,22
DA:17,0
DA:19,0
DA:20,22
DA:21,0
DA:30,0
DA:31,22
DA:43,0
DA:44,0
DA:47,0
DA:48,0
DA:51,0
DA:52,0
DA:53,0
DA:54,0
DA:55,0
DA:56,0
DA:58,0
DA:70,22
LF:30
LH:14
BRDA:38,0,0,0
BRDA:38,1,0,0
BRDA:43,2,0,0
BRDA:47,3,0,0
BRDA:52,4,0,0
BRDA:52,4,1,0
BRDA:53,5,0,0
BRDA:53,5,1,0
BRDA:54,6,0,0
BRDA:54,6,1,0
BRF:10
BRH:0
end_of_record
TN:
SF:src/where.ts
FN:67,single
FN:82,visitEntry
FN:122,visit
FN:140,(anonymous_11)
FN:151,where
FN:164,and
FN:179,or
FN:187,not
FNF:8
FNH:8
FNDA:103,single
FNDA:53,visitEntry
FNDA:170,visit
FNDA:53,(anonymous_11)
FNDA:139,where
FNDA:79,and
FNDA:9,or
FNDA:2,not
DA:1,22
DA:2,22
DA:3,22
DA:4,22
DA:5,22
DA:6,22
DA:7,22
DA:8,22
DA:9,22
DA:10,22
DA:11,22
DA:12,22
DA:13,22
DA:14,22
DA:15,22
DA:16,22
DA:17,22
DA:18,22
DA:19,22
DA:20,22
DA:21,22
DA:22,22
DA:23,22
DA:24,22
DA:25,22
DA:31,22
DA:37,22
DA:59,22
DA:68,103
DA:69,27
DA:72,76
DA:73,80
DA:74,74
DA:75,74
DA:77,6
DA:79,70
DA:83,53
DA:84,6
DA:86,47
DA:87,47
DA:88,17
DA:89,17
DA:92,2
DA:93,0
DA:95,2
DA:96,0
DA:98,2
DA:102,2
DA:103,0
DA:105,2
DA:106,0
DA:108,2
DA:110,13
DA:119,30
DA:122,0
DA:123,170
DA:124,114
DA:126,56
DA:127,56
DA:128,49
DA:129,49
DA:130,8
DA:131,0
DA:133,8
DA:135,41
DA:136,2
DA:139,46
DA:140,53
DA:141,46
DA:143,0
DA:151,0
DA:152,139
DA:164,22
DA:165,79
DA:166,79
DA:167,6
DA:169,73
DA:179,22
DA:180,9
DA:181,9
DA:182,4
DA:184,5
DA:187,22
DA:188,2
DA:193,42
LF:85
LH:77
BRDA:68,0,0,27
BRDA:73,1,0,74
BRDA:83,2,0,6
BRDA:87,3,0,17
BRDA:87,4,0,47
BRDA:87,4,1,19
BRDA:89,5,0,1
BRDA:89,5,1,2
BRDA:89,5,2,1
BRDA:89,5,3,1
BRDA:89,5,4,2
BRDA:89,5,5,13
BRDA:92,6,0,0
BRDA:95,7,0,0
BRDA:95,8,0,2
BRDA:95,8,1,2
BRDA:102,9,0,0
BRDA:105,10,0,0
BRDA:123,11,0,114
BRDA:127,12,0,49
BRDA:129,13,0,8
BRDA:129,14,0,49
BRDA:129,14,1,8
BRDA:130,15,0,0
BRDA:135,16,0,2
BRDA:139,17,0,46
BRDA:166,18,0,6
BRDA:181,19,0,4
BRDA:188,20,0,2
BRDA:188,20,1,0
BRF:30
BRH:24
end_of_record
TN:
SF:src/test/client.ts
FN:9,(anonymous_5)
FN:31,(anonymous_6)
FN:37,(anonymous_7)
FN:43,(anonymous_8)
FN:49,(anonymous_9)
FN:50,(anonymous_10)
FN:51,(anonymous_11)
FN:57,(anonymous_12)
FN:61,(anonymous_13)
FN:62,(anonymous_14)
FN:68,(anonymous_15)
FN:83,(anonymous_16)
FN:87,(anonymous_17)
FN:88,(anonymous_18)
FN:91,(anonymous_19)
FN:96,(anonymous_20)
FN:100,(anonymous_21)
FN:104,(anonymous_22)
FN:108,(anonymous_23)
FN:112,(anonymous_24)
FN:116,(anonymous_25)
FN:120,(anonymous_26)
FN:124,(anonymous_27)
FN:136,(anonymous_28)
FNF:24
FNH:22
FNDA:4,(anonymous_5)
FNDA:2,(anonymous_6)
FNDA:0,(anonymous_7)
FNDA:2,(anonymous_8)
FNDA:4,(anonymous_9)
FNDA:4,(anonymous_10)
FNDA:4,(anonymous_11)
FNDA:4,(anonymous_12)
FNDA:69,(anonymous_13)
FNDA:69,(anonymous_14)
FNDA:69,(anonymous_15)
FNDA:25,(anonymous_16)
FNDA:11,(anonymous_17)
FNDA:11,(anonymous_18)
FNDA:10,(anonymous_19)
FNDA:9,(anonymous_20)
FNDA:13,(anonymous_21)
FNDA:2,(anonymous_22)
FNDA:10,(anonymous_23)
FNDA:7,(anonymous_24)
FNDA:7,(anonymous_25)
FNDA:0,(anonymous_26)
FNDA:4,(anonymous_27)
FNDA:1,(anonymous_28)
DA:1,2
DA:2,2
DA:3,2
DA:5,2
DA:18,4
DA:32,2
DA:33,2
DA:34,2
DA:38,0
DA:39,0
DA:40,0
DA:44,2
DA:45,2
DA:46,2
DA:50,4
DA:51,4
DA:52,4
DA:58,4
DA:62,69
DA:63,69
DA:64,0
DA:65,0
DA:67,69
DA:68,69
DA:69,69
DA:70,0
DA:72,69
DA:73,50
DA:74,95
DA:77,69
DA:79,69
DA:84,25
DA:88,11
DA:92,10
DA:93,10
DA:97,9
DA:101,13
DA:105,2
DA:109,10
DA:113,7
DA:117,7
DA:121,0
DA:133,4
DA:140,1
LF:44
LH:37
BRDA:9,0,0,0
BRDA:10,1,0,0
BRDA:11,2,0,4
BRDA:12,3,0,4
BRDA:19,4,0,4
BRDA:19,4,1,4
BRDA:52,5,0,0
BRDA:52,5,1,4
BRDA:63,6,0,0
BRDA:69,7,0,0
BRDA:96,8,0,6
BRDA:100,9,0,13
BRDA:129,10,0,4
BRDA:129,11,0,4
BRF:14
BRH:9
end_of_record
